This is XeTeX, Version 3.1415926-2.3-0.9997.5 (MiKTeX 2.9) (preloaded format=xelatex 2019.5.26)  31 MAY 2019 07:54
entering extended mode
**main.tex
(C:\Users\hasee007\Desktop\毕设\last-dinner\nwputhesis-full\Bachelor\main.tex
LaTeX2e <2011/06/27>
Babel <v3.8m> and hyphenation patterns for loaded.
(C:\CTEX\MiKTeX\tex\latex\base\book.cls
Document Class: book 2007/10/19 v1.4h Standard LaTeX document class
(C:\CTEX\MiKTeX\tex\latex\base\bk12.clo
File: bk12.clo 2007/10/19 v1.4h Standard LaTeX file (size option)
Requested font "cmr12" at 12.0pt
 -> cmr12
)
\c@part=\count80
\c@chapter=\count81
\c@section=\count82
\c@subsection=\count83
\c@subsubsection=\count84
\c@paragraph=\count85
\c@subparagraph=\count86
\c@figure=\count87
\c@table=\count88
\abovecaptionskip=\skip41
\belowcaptionskip=\skip42
\bibindent=\dimen102
)
(C:\Users\hasee007\Desktop\毕设\last-dinner\nwputhesis-full\Bachelor\setup/pa
ckage.tex (C:\CTEX\MiKTeX\tex\latex\graphics\graphicx.sty
Package: graphicx 1999/02/16 v1.0f Enhanced LaTeX Graphics (DPC,SPQR)

(C:\CTEX\MiKTeX\tex\latex\graphics\keyval.sty
Package: keyval 1999/03/16 v1.13 key=value parser (DPC)
\KV@toks@=\toks14
)
(C:\CTEX\MiKTeX\tex\latex\graphics\graphics.sty
Package: graphics 2009/02/05 v1.0o Standard LaTeX Graphics (DPC,SPQR)

(C:\CTEX\MiKTeX\tex\latex\graphics\trig.sty
Package: trig 1999/03/16 v1.09 sin cos tan (DPC)
)
(C:\CTEX\MiKTeX\tex\latex\00miktex\graphics.cfg
File: graphics.cfg 2007/01/18 v1.5 graphics configuration of teTeX/TeXLive
)
Package graphics Info: Driver file: dvips.def on input line 91.

(C:\CTEX\MiKTeX\tex\latex\graphics\dvips.def
File: dvips.def 1999/02/16 v3.0i Driver-dependant file (DPC,SPQR)
))
\Gin@req@height=\dimen103
\Gin@req@width=\dimen104
)
(C:\CTEX\MiKTeX\tex\latex\subfigure\subfigure.sty
Package: subfigure 2002/07/30 v2.1.4 subfigure package
\subfigtopskip=\skip43
\subfigcapskip=\skip44
\subfigcaptopadj=\dimen105
\subfigbottomskip=\skip45
\subfigcapmargin=\dimen106
\subfiglabelskip=\skip46
\c@subfigure=\count89
\c@lofdepth=\count90
\c@subtable=\count91
\c@lotdepth=\count92

****************************************
* Local config file subfigure.cfg used *
****************************************
(C:\CTEX\MiKTeX\tex\latex\subfigure\subfigure.cfg)
\subfig@top=\skip47
\subfig@bottom=\skip48
)
(C:\CTEX\MiKTeX\tex\latex\graphics\color.sty
Package: color 2005/11/14 v1.0j Standard LaTeX Color (DPC)

(C:\CTEX\MiKTeX\tex\latex\00miktex\color.cfg
File: color.cfg 2007/01/18 v1.5 color configuration of teTeX/TeXLive
)
Package color Info: Driver file: xetex.def on input line 130.

(C:\CTEX\MiKTeX\tex\xelatex\xetex-def\xetex.def
File: xetex.def 2009/11/22 v0.94 LaTeX color/graphics driver for XeTeX (RRM/JK)

))
(C:\CTEX\MiKTeX\tex\latex\graphics\epsfig.sty
Package: epsfig 1999/02/16 v1.7a (e)psfig emulation (SPQR)
\epsfxsize=\dimen107
\epsfysize=\dimen108
)
(C:\CTEX\MiKTeX\tex\latex\tools\indentfirst.sty
Package: indentfirst 1995/11/23 v1.03 Indent first paragraph (DPC)
)
(C:\CTEX\MiKTeX\tex\latex\geometry\geometry.sty
Package: geometry 2010/09/12 v5.6 Page Geometry

(C:\CTEX\MiKTeX\tex\generic\oberdiek\ifpdf.sty
Package: ifpdf 2011/01/30 v2.3 Provides the ifpdf switch (HO)
Package ifpdf Info: pdfTeX in PDF mode is not detected.
)
(C:\CTEX\MiKTeX\tex\generic\oberdiek\ifvtex.sty
Package: ifvtex 2010/03/01 v1.5 Switches for detecting VTeX and its modes (HO)
Package ifvtex Info: VTeX not detected.
)
(C:\CTEX\MiKTeX\tex\generic\ifxetex\ifxetex.sty
Package: ifxetex 2010/09/12 v0.6 Provides ifxetex conditional
)
\Gm@cnth=\count93
\Gm@cntv=\count94
\c@Gm@tempcnt=\count95
\Gm@bindingoffset=\dimen109
\Gm@wd@mp=\dimen110
\Gm@odd@mp=\dimen111
\Gm@even@mp=\dimen112
\Gm@layoutwidth=\dimen113
\Gm@layoutheight=\dimen114
\Gm@layouthoffset=\dimen115
\Gm@layoutvoffset=\dimen116
\Gm@dimlist=\toks15

(C:\CTEX\MiKTeX\tex\xelatex\xetexconfig\geometry.cfg))
(C:\CTEX\MiKTeX\tex\latex\footmisc\footmisc.sty
Package: footmisc 2011/06/06 v5.5b a miscellany of footnote facilities
\FN@temptoken=\toks16
\footnotemargin=\dimen117
\c@pp@next@reset=\count96
\c@@fnserial=\count97
Package footmisc Info: Declaring symbol style bringhurst on input line 855.
Package footmisc Info: Declaring symbol style chicago on input line 863.
Package footmisc Info: Declaring symbol style wiley on input line 872.
Package footmisc Info: Declaring symbol style lamport-robust on input line 883.

Package footmisc Info: Declaring symbol style lamport* on input line 903.
Package footmisc Info: Declaring symbol style lamport*-robust on input line 924
.
)
(C:\CTEX\MiKTeX\tex\latex\ams\math\amsmath.sty
Package: amsmath 2000/07/18 v2.13 AMS math features
\@mathmargin=\skip49

For additional information on amsmath, use the `?' option.
(C:\CTEX\MiKTeX\tex\latex\ams\math\amstext.sty
Package: amstext 2000/06/29 v2.01

(C:\CTEX\MiKTeX\tex\latex\ams\math\amsgen.sty
File: amsgen.sty 1999/11/30 v2.0
\@emptytoks=\toks17
\ex@=\dimen118
))
(C:\CTEX\MiKTeX\tex\latex\ams\math\amsbsy.sty
Package: amsbsy 1999/11/29 v1.2d
\pmbraise@=\dimen119
)
(C:\CTEX\MiKTeX\tex\latex\ams\math\amsopn.sty
Package: amsopn 1999/12/14 v2.01 operator names
)
\inf@bad=\count98
LaTeX Info: Redefining \frac on input line 211.
\uproot@=\count99
\leftroot@=\count100
LaTeX Info: Redefining \overline on input line 307.
\classnum@=\count101
\DOTSCASE@=\count102
LaTeX Info: Redefining \ldots on input line 379.
LaTeX Info: Redefining \dots on input line 382.
LaTeX Info: Redefining \cdots on input line 467.
\Mathstrutbox@=\box26
\strutbox@=\box27
\big@size=\dimen120
LaTeX Font Info:    Redeclaring font encoding OML on input line 567.
LaTeX Font Info:    Redeclaring font encoding OMS on input line 568.
\macc@depth=\count103
\c@MaxMatrixCols=\count104
\dotsspace@=\muskip10
\c@parentequation=\count105
\dspbrk@lvl=\count106
\tag@help=\toks18
\row@=\count107
\column@=\count108
\maxfields@=\count109
\andhelp@=\toks19
\eqnshift@=\dimen121
\alignsep@=\dimen122
\tagshift@=\dimen123
\tagwidth@=\dimen124
\totwidth@=\dimen125
\lineht@=\dimen126
\@envbody=\toks20
\multlinegap=\skip50
\multlinetaggap=\skip51
\mathdisplay@stack=\toks21
LaTeX Info: Redefining \[ on input line 2666.
LaTeX Info: Redefining \] on input line 2667.
)
(C:\CTEX\MiKTeX\tex\latex\amsfonts\amssymb.sty
Package: amssymb 2009/06/22 v3.00

(C:\CTEX\MiKTeX\tex\latex\amsfonts\amsfonts.sty
Package: amsfonts 2009/06/22 v3.00 Basic AMSFonts support
\symAMSa=\mathgroup4
\symAMSb=\mathgroup5
LaTeX Font Info:    Overwriting math alphabet `\mathfrak' in version `bold'
(Font)                  U/euf/m/n --> U/euf/b/n on input line 96.
))
(C:\CTEX\MiKTeX\tex\latex\jknappen\mathrsfs.sty
Package: mathrsfs 1996/01/01 Math RSFS package v1.0 (jk)
\symrsfs=\mathgroup6
)
(C:\CTEX\MiKTeX\tex\latex\ntheorem\ntheorem.sty
Style `ntheorem', Version 1.31 <2011/02/16>
Package: ntheorem 2011/02/16 1.31
(C:\CTEX\MiKTeX\tex\latex\base\ifthen.sty
Package: ifthen 2001/05/26 v1.1c Standard LaTeX ifthen package (DPC)
)
\theorem@style=\toks22
\theorem@@style=\toks23
\theorembodyfont=\toks24
\theoremnumbering=\toks25
\theorempreskipamount=\skip52
\theorempostskipamount=\skip53
\theoremframepreskipamount=\skip54
\theoremframepostskipamount=\skip55
\theoremindent=\dimen127
\theorem@indent=\dimen128
\theoremheaderfont=\toks26
\theoremseparator=\toks27
\theoremprework=\toks28
\theorempostwork=\toks29
\theoremsymbol=\toks30
\qedsymbol=\toks31
\theoremkeyword=\toks32
\qedsymbol=\toks33
\thm@topsepadd=\skip56
Package ntheorem Info: Option `thmmarks' loaded on input line 1066.
\c@endNonectr=\count110
\c@currNonectr=\count111
\mysavskip=\skip57
Package ntheorem Info: option `amsmath' handling for `thmmarks' loaded on input
 line 1066.
\thm@amstmpdepth=\dimen129
\tagwidth=\dimen130
)
(C:\CTEX\MiKTeX\tex\latex\placeins\placeins.sty
Package: placeins 2005/04/18  v 2.2
)
(C:\CTEX\MiKTeX\tex\latex\rotating\rotating.sty
Package: rotating 2009/03/28 v2.16a rotated objects in LaTeX
\c@r@tfl@t=\count112
\rotFPtop=\skip58
\rotFPbot=\skip59
\rot@float@box=\box28
\rot@mess@toks=\toks34
)
(C:\CTEX\MiKTeX\tex\latex\type1cm\type1cm.sty
Package: type1cm 2002/09/05 v0.04 BlueSky/Y&Y Type1 CM font definitions (DPC, p
atched RF)
)
(C:\CTEX\MiKTeX\tex\latex\titlesec\titlesec.sty
Package: titlesec 2011/12/15 v2.10.0 Sectioning titles
\ttl@box=\box29
\beforetitleunit=\skip60
\aftertitleunit=\skip61
\ttl@plus=\dimen131
\ttl@minus=\dimen132
\ttl@toksa=\toks35
\titlewidth=\dimen133
\titlewidthlast=\dimen134
\titlewidthfirst=\dimen135
)
(C:\CTEX\MiKTeX\tex\latex\titlesec\titletoc.sty
Package: titletoc 2011/12/15 v1.6 TOC entries
\ttl@leftsep=\dimen136
)
(C:\CTEX\MiKTeX\tex\latex\tools\bm.sty
Package: bm 2004/02/26 v1.1c Bold Symbol Support (DPC/FMi)
\symboldoperators=\mathgroup7
\symboldletters=\mathgroup8
\symboldsymbols=\mathgroup9
LaTeX Font Info:    Redeclaring math alphabet \mathbf on input line 138.
LaTeX Info: Redefining \bm on input line 204.
)
(C:\CTEX\MiKTeX\tex\latex\fancyhdr\fancyhdr.sty
\fancy@headwidth=\skip62
\f@ncyO@elh=\skip63
\f@ncyO@erh=\skip64
\f@ncyO@olh=\skip65
\f@ncyO@orh=\skip66
\f@ncyO@elf=\skip67
\f@ncyO@erf=\skip68
\f@ncyO@olf=\skip69
\f@ncyO@orf=\skip70
)
(C:\CTEX\MiKTeX\tex\latex\fancyref\fancyref.sty
Package: fancyref 1999/02/03 v0.9c Fancy cross-referencing

(C:\CTEX\MiKTeX\tex\latex\tools\varioref.sty
Package: varioref 2011/10/02 v1.4z package for extended references (FMi)
\c@vrcnt=\count113
))
(C:\CTEX\MiKTeX\tex\latex\cite\cite.sty
LaTeX Info: Redefining \cite on input line 302.
LaTeX Info: Redefining \nocite on input line 373.
Package: cite 2010/09/10  v 5.3
)
(C:\CTEX\MiKTeX\tex\latex\setspace\setspace.sty
Package: setspace 2011/12/19 v6.7a set line spacing
)
(C:\CTEX\MiKTeX\tex\latex\layouts\layouts.sty
Package: layouts 2009/09/02 v2.6d graphical depiction of document elements
\l@ylen=\skip71
\layoutsbox=\box30
\l@youtunitlength=\skip72
\l@youtlinethick=\skip73
\l@youtlinethickii=\skip74
\l@ysetupparskip=\skip75
\l@ysetupbaselineskip=\skip76
\l@yonem=\skip77
\l@yonex=\skip78
\l@ylmarg=\skip79
\l@yrmarg=\skip80
\l@yitmindent=\skip81
\l@ylblwidth=\skip82
\l@ylblsep=\skip83
\l@ylparindent=\skip84
\l@ytsep=\skip85
\l@ypskip=\skip86
\l@yptsep=\skip87
\l@ypsep=\skip88
\l@yitmsep=\skip89
\l@ytok=\toks36
\l@youtpw=\count114
\l@youtph=\count115
\l@youthpi=\count116
\l@youthpii=\count117
\l@youthpiii=\count118
\l@youthpiv=\count119
\l@youthpv=\count120
\l@youthpvi=\count121
\l@youthpvii=\count122
\l@youtparskip=\count123
\l@youtvpi=\count124
\l@youtvpii=\count125
\l@youtvpiii=\count126
\l@youtvpiv=\count127
\l@youtvpv=\count128
\l@youtvpvi=\count129
\l@youtvpvii=\count130
\l@youthdo=\count131
\l@youthdi=\count132
\l@youthdii=\count133
\l@youthdiii=\count134
\l@youthdiv=\count135
\l@youthdv=\count136
\l@youthdvi=\count137
\l@youthdvii=\count138
\l@youtvdo=\count139
\l@youtvdi=\count140
\l@youtvdii=\count141
\l@youtvdiii=\count142
\l@youtvdiv=\count143
\l@youtvdv=\count144
\l@youtvdvi=\count145
\l@youtvdvii=\count146
\l@youtvdviii=\count147
\l@youtxci=\count148
\l@youtxcii=\count149
\l@youtxciii=\count150
\l@youtxciv=\count151
\l@youtxcv=\count152
\l@youtxcvi=\count153
\l@youtyci=\count154
\l@youtycii=\count155
\l@youtyciii=\count156
\l@youtyciv=\count157
\l@youtycv=\count158
\l@youtycvi=\count159
\l@youtycvii=\count160
\l@youtycviii=\count161
\l@youtxco=\count162
\l@youtyco=\count163
\l@ytempdima=\skip90
\stockwidth=\skip91
\stockheight=\skip92
\trimedge=\skip93
\trimtop=\skip94
\uppermargin=\skip95
\spinemargin=\skip96
)
(C:\CTEX\MiKTeX\tex\xelatex\xecjk\xeCJK.sty
Package: xeCJK 2012/01/31 2.4.5 package for typesetting CJK scripts with XeLaTe
X

(C:\CTEX\MiKTeX\tex\latex\xkeyval\xkeyval.sty
Package: xkeyval 2008/08/13 v2.6a package option processing (HA)

(C:\CTEX\MiKTeX\tex\generic\xkeyval\xkeyval.tex
\XKV@toks=\toks37
\XKV@tempa@toks=\toks38
\XKV@depth=\count164
File: xkeyval.tex 2008/08/13 v2.6a key=value parser (HA)
))
(C:\CTEX\MiKTeX\tex\latex\l3kernel\expl3.sty
(C:\CTEX\MiKTeX\tex\latex\l3kernel\l3names.sty
(C:\CTEX\MiKTeX\tex\latex\l3kernel\l3bootstrap.sty
Package: l3bootstrap 2011/12/29 v3110 L3 Experimental bootstrap code
)
Package: l3names 2011/12/30 v3113 L3 Experimental namespace for primitives
)
(C:\CTEX\MiKTeX\tex\latex\misc\etex.sty
Package: etex 1998/03/26 v2.0 eTeX basic definition package (PEB)
\et@xins=\count165
)
Package: expl3 2012/02/26 v3471 L3 Experimental code bundle wrapper

(C:\CTEX\MiKTeX\tex\latex\l3kernel\l3basics.sty
Package: l3basics 2012/02/26 v3460 L3 Experimental basic definitions
)
(C:\CTEX\MiKTeX\tex\latex\l3kernel\l3expan.sty
Package: l3expan 2012/02/26 v3460 L3 Experimental argument expansion
)
(C:\CTEX\MiKTeX\tex\latex\l3kernel\l3tl.sty
Package: l3tl 2012/02/26 v3460 L3 Experimental token lists
)
(C:\CTEX\MiKTeX\tex\latex\l3kernel\l3seq.sty
Package: l3seq 2012/01/09 v3158 L3 Experimental sequences and stacks
)
(C:\CTEX\MiKTeX\tex\latex\l3kernel\l3int.sty
Package: l3int 2012/02/26 v3460 L3 Experimental integers
\c_max_int=\count166
\l_tmpa_int=\count167
\l_tmpb_int=\count168
\l_tmpc_int=\count169
\g_tmpa_int=\count170
\g_tmpb_int=\count171
)
(C:\CTEX\MiKTeX\tex\latex\l3kernel\l3quark.sty
Package: l3quark 2012/02/12 v3384 L3 Experimental quarks
)
(C:\CTEX\MiKTeX\tex\latex\l3kernel\l3prg.sty
Package: l3prg 2012/02/26 v3464 L3 Experimental control structures
\g_prg_map_int=\count172
)
(C:\CTEX\MiKTeX\tex\latex\l3kernel\l3clist.sty
Package: l3clist 2012/02/26 v3460 L3 Experimental comma separated lists
)
(C:\CTEX\MiKTeX\tex\latex\l3kernel\l3token.sty
Package: l3token 2012/02/26 v3460 L3 Experimental token manipulation
)
(C:\CTEX\MiKTeX\tex\latex\l3kernel\l3prop.sty
Package: l3prop 2012/02/26 v3460 L3 Experimental property lists
)
(C:\CTEX\MiKTeX\tex\latex\l3kernel\l3msg.sty
Package: l3msg 2012/02/26 v3470 L3 Experimental messages
)
(C:\CTEX\MiKTeX\tex\latex\l3kernel\l3file.sty
Package: l3file 2012/02/26 v3464 L3 Experimental file and I/O operations
\l_iow_stream_int=\count173
\l_iow_line_length_int=\count174
\l_iow_target_length_int=\count175
\l_iow_current_line_int=\count176
\l_iow_current_word_int=\count177
\l_iow_current_indentation_int=\count178
)
(C:\CTEX\MiKTeX\tex\latex\l3kernel\l3skip.sty
Package: l3skip 2012/02/26 v3460 L3 Experimental dimensions and skips
\l_tmpa_dim=\dimen137
\l_tmpb_dim=\dimen138
\l_tmpc_dim=\dimen139
\g_tmpa_dim=\dimen140
\g_tmpb_dim=\dimen141
\l_tmpa_skip=\skip97
\l_tmpb_skip=\skip98
\l_tmpc_skip=\skip99
\g_tmpa_skip=\skip100
\g_tmpb_skip=\skip101
)
(C:\CTEX\MiKTeX\tex\latex\l3kernel\l3keys.sty
Package: l3keys 2011/12/22 v3086 L3 Experimental key-value interfaces
\g_keyval_level_int=\count179
\l_keys_choice_int=\count180
)
(C:\CTEX\MiKTeX\tex\latex\l3kernel\l3fp.sty
Package: l3fp 2012/02/06 v3315 L3 Experimental floating-point operations
\c_one_hundred_million=\count181
\c_five_hundred_million=\count182
\c_one_thousand_million=\count183
\c_fp_pi_by_four_decimal_int=\count184
\c_fp_pi_by_four_extended_int=\count185
\c_fp_pi_decimal_int=\count186
\c_fp_pi_extended_int=\count187
\c_fp_two_pi_decimal_int=\count188
\c_fp_two_pi_extended_int=\count189
\l_fp_count_int=\count190
\l_fp_div_offset_int=\count191
\l_fp_exp_integer_int=\count192
\l_fp_exp_decimal_int=\count193
\l_fp_exp_extended_int=\count194
\l_fp_exp_exponent_int=\count195
\l_fp_input_a_sign_int=\count196
\l_fp_input_a_integer_int=\count197
\l_fp_input_a_decimal_int=\count198
\l_fp_input_a_exponent_int=\count199
\l_fp_input_b_sign_int=\count200
\l_fp_input_b_integer_int=\count201
Normal \count register pool exhausted, switching to extended pool.
\l_fp_input_b_decimal_int=\count277
\l_fp_input_b_exponent_int=\count278
\l_fp_input_a_extended_int=\count279
\l_fp_input_b_extended_int=\count280
\l_fp_mul_a_i_int=\count281
\l_fp_mul_a_ii_int=\count282
\l_fp_mul_a_iii_int=\count283
\l_fp_mul_a_iv_int=\count284
\l_fp_mul_a_v_int=\count285
\l_fp_mul_a_vi_int=\count286
\l_fp_mul_b_i_int=\count287
\l_fp_mul_b_ii_int=\count288
\l_fp_mul_b_iii_int=\count289
\l_fp_mul_b_iv_int=\count290
\l_fp_mul_b_v_int=\count291
\l_fp_mul_b_vi_int=\count292
\l_fp_mul_output_int=\count293
\l_fp_output_sign_int=\count294
\l_fp_output_integer_int=\count295
\l_fp_output_decimal_int=\count296
\l_fp_output_exponent_int=\count297
\l_fp_output_extended_int=\count298
\l_fp_round_position_int=\count299
\l_fp_round_target_int=\count300
\l_fp_split_sign_int=\count301
\l_fp_internal_int=\count302
\l_fp_trig_octant_int=\count303
\l_fp_trig_sign_int=\count304
\l_fp_trig_decimal_int=\count305
\l_fp_trig_extended_int=\count306
\l_fp_internal_dim=\dimen142
\l_fp_internal_skip=\skip102
)
(C:\CTEX\MiKTeX\tex\latex\l3kernel\l3box.sty
Package: l3box 2012/02/18 v3432 L3 Experimental boxes
\l_tmpb_box=\box31
\l_box_top_dim=\dimen143
\l_box_bottom_dim=\dimen144
\l_box_left_dim=\dimen145
\l_box_right_dim=\dimen146
\l_box_top_new_dim=\dimen147
\l_box_bottom_new_dim=\dimen148
\l_box_left_new_dim=\dimen149
\l_box_right_new_dim=\dimen150
\l_box_internal_box=\box32
)
(C:\CTEX\MiKTeX\tex\latex\l3kernel\l3coffins.sty
Package: l3coffins 2012/02/26 v3460 L3 Experimental coffin code layer
\l_coffin_internal_box=\box33
\l_coffin_internal_dim=\dimen151
\l_coffin_offset_x_dim=\dimen152
\l_coffin_offset_y_dim=\dimen153
\l_coffin_x_dim=\dimen154
\l_coffin_y_dim=\dimen155
\l_coffin_x_prime_dim=\dimen156
\l_coffin_y_prime_dim=\dimen157
\l_coffin_Depth_dim=\dimen158
\l_coffin_Height_dim=\dimen159
\l_coffin_TotalHeight_dim=\dimen160
\l_coffin_Width_dim=\dimen161
\c_empty_coffin=\box34
\l_coffin_aligned_coffin=\box35
\l_coffin_aligned_internal_coffin=\box36
\l_coffin_bounding_shift_dim=\dimen162
\l_coffin_left_corner_dim=\dimen163
\l_coffin_right_corner_dim=\dimen164
\l_coffin_bottom_corner_dim=\dimen165
\l_coffin_top_corner_dim=\dimen166
\l_coffin_scaled_total_height_dim=\dimen167
\l_coffin_scaled_width_dim=\dimen168
\l_coffin_display_coffin=\box37
\l_coffin_display_coord_coffin=\box38
\l_coffin_display_pole_coffin=\box39
\l_coffin_display_offset_dim=\dimen169
\l_coffin_display_x_dim=\dimen170
\l_coffin_display_y_dim=\dimen171
)
(C:\CTEX\MiKTeX\tex\latex\l3kernel\l3color.sty
Package: l3color 2011/09/07 v2776 L3 Experimental colour support
)
(C:\CTEX\MiKTeX\tex\latex\l3kernel\l3luatex.sty
Package: l3luatex 2012/02/09 v3355 L3 Experimental LuaTeX-specific functions
\g_cctab_allocate_int=\count307
\g_cctab_stack_int=\count308
))
(C:\CTEX\MiKTeX\tex\latex\fontspec\fontspec.sty
Package: fontspec 2011/09/18 v2.2a Advanced font selection for XeLaTeX/LuaLaTeX


(C:\CTEX\MiKTeX\tex\latex\l3packages\xparse\xparse.sty
Package: xparse 2012/02/26 v3471 L3 Experimental document command parser
\l_xparse_current_arg_int=\count309
\l_xparse_m_args_int=\count310
\l_xparse_mandatory_args_int=\count311
\l_xparse_processor_int=\count312
\l_xparse_v_nesting_int=\count313
)
\l_fontspec_script_int=\count314
\l_fontspec_language_int=\count315
\l_fontspec_strnum_int=\count316
\l_fontspec_tmpa_dim=\dimen172
\l_fontspec_tmpb_dim=\dimen173
\l_fontspec_tmpc_dim=\dimen174
Variant \tl_gset:cV already defined; not changing it on line 66

(C:\CTEX\MiKTeX\tex\latex\fontspec\fontspec-patches.sty
Package: fontspec-patches 2011/09/18 v2.2a Advanced font selection for XeLaTeX/
LuaLaTeX

(C:\CTEX\MiKTeX\tex\latex\base\fixltx2e.sty
Package: fixltx2e 2006/09/13 v1.1m fixes to LaTeX
LaTeX Info: Redefining \em on input line 420.
LaTeX Info: The control sequence `\[' is already robust on input line 471.
LaTeX Info: The control sequence `\]' is already robust on input line 472.
)
LaTeX Info: Redefining \em on input line 22.
LaTeX Info: Redefining \emph on input line 29.
LaTeX Info: Redefining \- on input line 32.

*************************************************
* LaTeX warning: "xparse/redefine-command"
* 
* Redefining document command \oldstylenums with arg. spec. 'm' on line 107.
*************************************************
.................................................
. LaTeX info: "xparse/define-command"
. 
. Defining document command \liningnums with arg. spec. 'm' on line 111.
.................................................
) (C:\CTEX\MiKTeX\tex\latex\fontspec\fontspec-xetex.sty
Package: fontspec-xetex 2011/09/18 v2.2a Advanced font selection for XeLaTeX/Lu
aLaTeX

(C:\CTEX\MiKTeX\tex\latex\base\fontenc.sty
Package: fontenc 2005/09/27 v1.99g Standard LaTeX package

(C:\CTEX\MiKTeX\tex\latex\euenc\eu1enc.def
File: eu1enc.def 2010/05/27 v0.1h Experimental Unicode font encodings
)
LaTeX Font Info:    Try loading font information for EU1+lmr on input line 100.


(C:\CTEX\MiKTeX\tex\latex\euenc\eu1lmr.fd
File: eu1lmr.fd 2009/10/30 v1.6 Font defs for Latin Modern
)
Requested font "[lmroman10-regular]:mapping=tex-text" at 10.0pt
 -> C:/CTEX/MiKTeX/fonts/opentype/public/lm/lmroman10-regular.otf
)
(C:\CTEX\MiKTeX\tex\xelatex\xunicode\xunicode.sty
File: xunicode.sty 2011/09/09 v0.981 provides access to latin accents and many 
other characters in Unicode lower plane

(C:\CTEX\MiKTeX\tex\latex\tipa\t3enc.def
File: t3enc.def 2001/12/31 T3 encoding
Requested font "[lmromanslant10-regular]:mapping=tex-text" at 10.0pt
 -> C:/CTEX/MiKTeX/fonts/opentype/public/lm/lmromanslant10-regular.otf
Requested font "[lmroman10-italic]:mapping=tex-text" at 10.0pt
 -> C:/CTEX/MiKTeX/fonts/opentype/public/lm/lmroman10-italic.otf
Requested font "[lmroman10-bold]:mapping=tex-text" at 10.0pt
 -> C:/CTEX/MiKTeX/fonts/opentype/public/lm/lmroman10-bold.otf
LaTeX Font Info:    Try loading font information for EU1+lmss on input line 357
.

(C:\CTEX\MiKTeX\tex\latex\euenc\eu1lmss.fd
File: eu1lmss.fd 2009/10/30 v1.6 Font defs for Latin Modern
)
Requested font "[lmsans10-regular]:mapping=tex-text" at 10.0pt
 -> C:/CTEX/MiKTeX/fonts/opentype/public/lm/lmsans10-regular.otf
)
\tipaTiiicode=\count317
\tipasavetokens=\toks39
\tipachecktokens=\toks40
)
.................................................
. LaTeX info: "xparse/define-command"
. 
. Defining document command \fontspec with arg. spec. 'O{}m' on line 39.
.................................................
.................................................
. LaTeX info: "xparse/define-command"
. 
. Defining document command \setmainfont with arg. spec. 'O{}m' on line 43.
.................................................
.................................................
. LaTeX info: "xparse/define-command"
. 
. Defining document command \setsansfont with arg. spec. 'O{}m' on line 47.
.................................................
.................................................
. LaTeX info: "xparse/define-command"
. 
. Defining document command \setmonofont with arg. spec. 'O{}m' on line 51.
.................................................
.................................................
. LaTeX info: "xparse/define-command"
. 
. Defining document command \setmathrm with arg. spec. 'O{}m' on line 59.
.................................................
.................................................
. LaTeX info: "xparse/define-command"
. 
. Defining document command \setboldmathrm with arg. spec. 'O{}m' on line 62.
.................................................
.................................................
. LaTeX info: "xparse/define-command"
. 
. Defining document command \setmathsf with arg. spec. 'O{}m' on line 65.
.................................................
.................................................
. LaTeX info: "xparse/define-command"
. 
. Defining document command \setmathtt with arg. spec. 'O{}m' on line 68.
.................................................
.................................................
. LaTeX info: "xparse/define-command"
. 
. Defining document command \newfontfamily with arg. spec. 'mO{}m' on line 84.
.................................................
.................................................
. LaTeX info: "xparse/define-command"
. 
. Defining document command \newfontface with arg. spec. 'mO{}m' on line 87.
.................................................
.................................................
. LaTeX info: "xparse/define-command"
. 
. Defining document command \defaultfontfeatures with arg. spec. 'm' on line
. 91.
.................................................
.................................................
. LaTeX info: "xparse/define-command"
. 
. Defining document command \addfontfeatures with arg. spec. 'm' on line 107.
.................................................
.................................................
. LaTeX info: "xparse/define-command"
. 
. Defining document command \newfontfeature with arg. spec. 'mm' on line 118.
.................................................
.................................................
. LaTeX info: "xparse/define-command"
. 
. Defining document command \newAATfeature with arg. spec. 'mmmm' on line 125.
.................................................
.................................................
. LaTeX info: "xparse/define-command"
. 
. Defining document command \newICUfeature with arg. spec. 'mmm' on line 132.
.................................................
.................................................
. LaTeX info: "xparse/define-command"
. 
. Defining document command \aliasfontfeature with arg. spec. 'mm' on line
. 159.
.................................................
.................................................
. LaTeX info: "xparse/define-command"
. 
. Defining document command \aliasfontfeatureoption with arg. spec. 'mmm' on
. line 164.
.................................................
.................................................
. LaTeX info: "xparse/define-command"
. 
. Defining document command \newfontscript with arg. spec. 'mm' on line 169.
.................................................
.................................................
. LaTeX info: "xparse/define-command"
. 
. Defining document command \newfontlanguage with arg. spec. 'mm' on line 192.
.................................................
.................................................
. LaTeX info: "xparse/define-command"
. 
. Defining document command \DeclareFontsExtensions with arg. spec. 'm' on
. line 211.
.................................................
Variant \prop_gput:cnV already defined; not changing it on line 485
Variant \prop_gput:cnx already defined; not changing it on line 486
Variant \keys_set:nx already defined; not changing it on line 963
\c@fontspec_tmp_int=\count318
LaTeX Info: Redefining \itshape on input line 1881.
LaTeX Info: Redefining \slshape on input line 1885.
LaTeX Info: Redefining \scshape on input line 1889.
LaTeX Info: Redefining \upshape on input line 1893.

(C:\CTEX\MiKTeX\tex\latex\fontspec\fontspec.cfg)))
\xeCJK@cnta=\count319
\xeCJK@cntb=\count320
\xeCJK@cntc=\count321
\xeCJK@cntd=\count322
\xeCJK@cnte=\count323
\xeCJK@dima=\dimen175
LaTeX Info: Redefining \normalfont on input line 886.
LaTeX Info: Redefining \rmfamily on input line 895.
LaTeX Info: Redefining \sffamily on input line 899.
LaTeX Info: Redefining \ttfamily on input line 903.
\xeCJK@featureadded=\count324
\g_xecjk_exspace_dim=\dimen176
)
(C:\CTEX\MiKTeX\tex\latex\pgf\frontendlayer\tikz.sty
(C:\CTEX\MiKTeX\tex\latex\pgf\basiclayer\pgf.sty
(C:\CTEX\MiKTeX\tex\latex\pgf\utilities\pgfrcs.sty
(C:\CTEX\MiKTeX\tex\generic\pgf\utilities\pgfutil-common.tex
\pgfutil@everybye=\toks41
)
(C:\CTEX\MiKTeX\tex\generic\pgf\utilities\pgfutil-latex.def
\pgfutil@abb=\box40

(C:\CTEX\MiKTeX\tex\latex\ms\everyshi.sty
Package: everyshi 2001/05/15 v3.00 EveryShipout Package (MS)
))
(C:\CTEX\MiKTeX\tex\generic\pgf\utilities\pgfrcs.code.tex
Package: pgfrcs 2010/10/25 v2.10 (rcs-revision 1.24)
))
Package: pgf 2008/01/15 v2.10 (rcs-revision 1.12)

(C:\CTEX\MiKTeX\tex\latex\pgf\basiclayer\pgfcore.sty
(C:\CTEX\MiKTeX\tex\latex\pgf\systemlayer\pgfsys.sty
(C:\CTEX\MiKTeX\tex\generic\pgf\systemlayer\pgfsys.code.tex
Package: pgfsys 2010/06/30 v2.10 (rcs-revision 1.37)

(C:\CTEX\MiKTeX\tex\generic\pgf\utilities\pgfkeys.code.tex
\pgfkeys@pathtoks=\toks42
\pgfkeys@temptoks=\toks43

(C:\CTEX\MiKTeX\tex\generic\pgf\utilities\pgfkeysfiltered.code.tex
\pgfkeys@tmptoks=\toks44
))
\pgf@x=\dimen177
\pgf@y=\dimen178
\pgf@xa=\dimen179
\pgf@ya=\dimen180
\pgf@xb=\dimen181
\pgf@yb=\dimen182
\pgf@xc=\dimen183
\pgf@yc=\dimen184
\w@pgf@writea=\write3
\r@pgf@reada=\read1
\c@pgf@counta=\count325
\c@pgf@countb=\count326
\c@pgf@countc=\count327
\c@pgf@countd=\count328

(C:\CTEX\MiKTeX\tex\generic\pgf\systemlayer\pgf.cfg
File: pgf.cfg 2008/05/14  (rcs-revision 1.7)
)
Package pgfsys Info: Driver file for pgf: pgfsys-xetex.def on input line 900.

(C:\CTEX\MiKTeX\tex\generic\pgf\systemlayer\pgfsys-xetex.def
File: pgfsys-xetex.def 2010/02/16  (rcs-revision 1.3)

(C:\CTEX\MiKTeX\tex\generic\pgf\systemlayer\pgfsys-common-pdf.def
File: pgfsys-common-pdf.def 2008/05/19  (rcs-revision 1.10)
)
(C:\CTEX\MiKTeX\tex\generic\pgf\systemlayer\pgfsys-common-pdf-via-dvi.def
File: pgfsys-common-pdf-via-dvi.def 2008/05/19  (rcs-revision 1.7)
)))
(C:\CTEX\MiKTeX\tex\generic\pgf\systemlayer\pgfsyssoftpath.code.tex
File: pgfsyssoftpath.code.tex 2008/07/18  (rcs-revision 1.7)
\pgfsyssoftpath@smallbuffer@items=\count329
\pgfsyssoftpath@bigbuffer@items=\count330
)
(C:\CTEX\MiKTeX\tex\generic\pgf\systemlayer\pgfsysprotocol.code.tex
File: pgfsysprotocol.code.tex 2006/10/16  (rcs-revision 1.4)
))
(C:\CTEX\MiKTeX\tex\latex\xcolor\xcolor.sty
Package: xcolor 2007/01/21 v2.11 LaTeX color extensions (UK)

(C:\CTEX\MiKTeX\tex\latex\00miktex\color.cfg
File: color.cfg 2007/01/18 v1.5 color configuration of teTeX/TeXLive
)
Package xcolor Info: Driver file: xetex.def on input line 225.
LaTeX Info: Redefining \color on input line 702.
Package xcolor Info: Model `cmy' substituted by `cmy0' on input line 1337.
Package xcolor Info: Model `RGB' extended on input line 1353.
Package xcolor Info: Model `HTML' substituted by `rgb' on input line 1355.
Package xcolor Info: Model `Hsb' substituted by `hsb' on input line 1356.
Package xcolor Info: Model `tHsb' substituted by `hsb' on input line 1357.
Package xcolor Info: Model `HSB' substituted by `hsb' on input line 1358.
Package xcolor Info: Model `Gray' substituted by `gray' on input line 1359.
Package xcolor Info: Model `wave' substituted by `hsb' on input line 1360.
)
(C:\CTEX\MiKTeX\tex\generic\pgf\basiclayer\pgfcore.code.tex
Package: pgfcore 2010/04/11 v2.10 (rcs-revision 1.7)

(C:\CTEX\MiKTeX\tex\generic\pgf\math\pgfmath.code.tex
(C:\CTEX\MiKTeX\tex\generic\pgf\math\pgfmathcalc.code.tex
(C:\CTEX\MiKTeX\tex\generic\pgf\math\pgfmathutil.code.tex)
(C:\CTEX\MiKTeX\tex\generic\pgf\math\pgfmathparser.code.tex
\pgfmath@dimen=\dimen185
\pgfmath@count=\count331
\pgfmath@box=\box41
\pgfmath@toks=\toks45
\pgfmath@stack@operand=\toks46
\pgfmath@stack@operation=\toks47
)
(C:\CTEX\MiKTeX\tex\generic\pgf\math\pgfmathfunctions.code.tex
(C:\CTEX\MiKTeX\tex\generic\pgf\math\pgfmathfunctions.basic.code.tex)
(C:\CTEX\MiKTeX\tex\generic\pgf\math\pgfmathfunctions.trigonometric.code.tex)
(C:\CTEX\MiKTeX\tex\generic\pgf\math\pgfmathfunctions.random.code.tex)
(C:\CTEX\MiKTeX\tex\generic\pgf\math\pgfmathfunctions.comparison.code.tex)
(C:\CTEX\MiKTeX\tex\generic\pgf\math\pgfmathfunctions.base.code.tex)
(C:\CTEX\MiKTeX\tex\generic\pgf\math\pgfmathfunctions.round.code.tex)
(C:\CTEX\MiKTeX\tex\generic\pgf\math\pgfmathfunctions.misc.code.tex)))
(C:\CTEX\MiKTeX\tex\generic\pgf\math\pgfmathfloat.code.tex
\c@pgfmathroundto@lastzeros=\count332
))
(C:\CTEX\MiKTeX\tex\generic\pgf\basiclayer\pgfcorepoints.code.tex
File: pgfcorepoints.code.tex 2010/04/09  (rcs-revision 1.20)
\pgf@picminx=\dimen186
\pgf@picmaxx=\dimen187
\pgf@picminy=\dimen188
\pgf@picmaxy=\dimen189
\pgf@pathminx=\dimen190
\pgf@pathmaxx=\dimen191
\pgf@pathminy=\dimen192
\pgf@pathmaxy=\dimen193
\pgf@xx=\dimen194
\pgf@xy=\dimen195
\pgf@yx=\dimen196
\pgf@yy=\dimen197
\pgf@zx=\dimen198
\pgf@zy=\dimen199
)
(C:\CTEX\MiKTeX\tex\generic\pgf\basiclayer\pgfcorepathconstruct.code.tex
File: pgfcorepathconstruct.code.tex 2010/08/03  (rcs-revision 1.24)
\pgf@path@lastx=\dimen200
\pgf@path@lasty=\dimen201
)
(C:\CTEX\MiKTeX\tex\generic\pgf\basiclayer\pgfcorepathusage.code.tex
File: pgfcorepathusage.code.tex 2008/04/22  (rcs-revision 1.12)
Normal \dimen register pool exhausted, switching to extended pool.
\pgf@shorten@end@additional=\dimen256
\pgf@shorten@start@additional=\dimen257
)
(C:\CTEX\MiKTeX\tex\generic\pgf\basiclayer\pgfcorescopes.code.tex
File: pgfcorescopes.code.tex 2010/09/08  (rcs-revision 1.34)
\pgfpic=\box42
\pgf@hbox=\box43
\pgf@layerbox@main=\box44
\pgf@picture@serial@count=\count333
)
(C:\CTEX\MiKTeX\tex\generic\pgf\basiclayer\pgfcoregraphicstate.code.tex
File: pgfcoregraphicstate.code.tex 2008/04/22  (rcs-revision 1.9)
\pgflinewidth=\dimen258
)
(C:\CTEX\MiKTeX\tex\generic\pgf\basiclayer\pgfcoretransformations.code.tex
File: pgfcoretransformations.code.tex 2009/06/10  (rcs-revision 1.11)
\pgf@pt@x=\dimen259
\pgf@pt@y=\dimen260
\pgf@pt@temp=\dimen261
)
(C:\CTEX\MiKTeX\tex\generic\pgf\basiclayer\pgfcorequick.code.tex
File: pgfcorequick.code.tex 2008/10/09  (rcs-revision 1.3)
)
(C:\CTEX\MiKTeX\tex\generic\pgf\basiclayer\pgfcoreobjects.code.tex
File: pgfcoreobjects.code.tex 2006/10/11  (rcs-revision 1.2)
)
(C:\CTEX\MiKTeX\tex\generic\pgf\basiclayer\pgfcorepathprocessing.code.tex
File: pgfcorepathprocessing.code.tex 2008/10/09  (rcs-revision 1.8)
)
(C:\CTEX\MiKTeX\tex\generic\pgf\basiclayer\pgfcorearrows.code.tex
File: pgfcorearrows.code.tex 2008/04/23  (rcs-revision 1.11)
)
(C:\CTEX\MiKTeX\tex\generic\pgf\basiclayer\pgfcoreshade.code.tex
File: pgfcoreshade.code.tex 2008/11/23  (rcs-revision 1.13)
\pgf@max=\dimen262
\pgf@sys@shading@range@num=\count334
)
(C:\CTEX\MiKTeX\tex\generic\pgf\basiclayer\pgfcoreimage.code.tex
File: pgfcoreimage.code.tex 2010/03/25  (rcs-revision 1.16)

(C:\CTEX\MiKTeX\tex\generic\pgf\basiclayer\pgfcoreexternal.code.tex
File: pgfcoreexternal.code.tex 2010/09/01  (rcs-revision 1.17)
\pgfexternal@startupbox=\box45
))
(C:\CTEX\MiKTeX\tex\generic\pgf\basiclayer\pgfcorelayers.code.tex
File: pgfcorelayers.code.tex 2010/08/27  (rcs-revision 1.2)
)
(C:\CTEX\MiKTeX\tex\generic\pgf\basiclayer\pgfcoretransparency.code.tex
File: pgfcoretransparency.code.tex 2008/01/17  (rcs-revision 1.2)
)
(C:\CTEX\MiKTeX\tex\generic\pgf\basiclayer\pgfcorepatterns.code.tex
File: pgfcorepatterns.code.tex 2009/07/02  (rcs-revision 1.3)
)))
(C:\CTEX\MiKTeX\tex\generic\pgf\modules\pgfmoduleshapes.code.tex
File: pgfmoduleshapes.code.tex 2010/09/09  (rcs-revision 1.13)
\pgfnodeparttextbox=\box46
)
(C:\CTEX\MiKTeX\tex\generic\pgf\modules\pgfmoduleplot.code.tex
File: pgfmoduleplot.code.tex 2010/10/22  (rcs-revision 1.8)
)
(C:\CTEX\MiKTeX\tex\latex\pgf\compatibility\pgfcomp-version-0-65.sty
Package: pgfcomp-version-0-65 2007/07/03 v2.10 (rcs-revision 1.7)
\pgf@nodesepstart=\dimen263
\pgf@nodesepend=\dimen264
)
(C:\CTEX\MiKTeX\tex\latex\pgf\compatibility\pgfcomp-version-1-18.sty
Package: pgfcomp-version-1-18 2007/07/23 v2.10 (rcs-revision 1.1)
))
(C:\CTEX\MiKTeX\tex\latex\pgf\utilities\pgffor.sty
(C:\CTEX\MiKTeX\tex\latex\pgf\utilities\pgfkeys.sty
(C:\CTEX\MiKTeX\tex\generic\pgf\utilities\pgfkeys.code.tex))
(C:\CTEX\MiKTeX\tex\generic\pgf\utilities\pgffor.code.tex
Package: pgffor 2010/03/23 v2.10 (rcs-revision 1.18)
\pgffor@iter=\dimen265
\pgffor@skip=\dimen266
\pgffor@stack=\toks48
\pgffor@toks=\toks49
))
(C:\CTEX\MiKTeX\tex\generic\pgf\frontendlayer\tikz\tikz.code.tex
Package: tikz 2010/10/13 v2.10 (rcs-revision 1.76)

(C:\CTEX\MiKTeX\tex\generic\pgf\libraries\pgflibraryplothandlers.code.tex
File: pgflibraryplothandlers.code.tex 2010/05/31 v2.10 (rcs-revision 1.15)
\pgf@plot@mark@count=\count335
\pgfplotmarksize=\dimen267
)
\tikz@lastx=\dimen268
\tikz@lasty=\dimen269
\tikz@lastxsaved=\dimen270
\tikz@lastysaved=\dimen271
\tikzleveldistance=\dimen272
\tikzsiblingdistance=\dimen273
\tikz@figbox=\box47
\tikz@tempbox=\box48
\tikztreelevel=\count336
\tikznumberofchildren=\count337
\tikznumberofcurrentchild=\count338
\tikz@fig@count=\count339

(C:\CTEX\MiKTeX\tex\generic\pgf\modules\pgfmodulematrix.code.tex
File: pgfmodulematrix.code.tex 2010/08/24  (rcs-revision 1.4)
\pgfmatrixcurrentrow=\count340
\pgfmatrixcurrentcolumn=\count341
\pgf@matrix@numberofcolumns=\count342
)
\tikz@expandcount=\count343

(C:\CTEX\MiKTeX\tex\generic\pgf\frontendlayer\tikz\libraries\tikzlibrarytopaths
.code.tex
File: tikzlibrarytopaths.code.tex 2008/06/17 v2.10 (rcs-revision 1.2)
))) (C:\CTEX\MiKTeX\tex\latex\listings\listings.sty
\lst@mode=\count344
\lst@gtempboxa=\box49
\lst@token=\toks50
\lst@length=\count345
\lst@currlwidth=\dimen274
\lst@column=\count346
\lst@pos=\count347
\lst@lostspace=\dimen275
\lst@width=\dimen276
\lst@newlines=\count348
\lst@lineno=\count349
\lst@maxwidth=\dimen277

(C:\CTEX\MiKTeX\tex\latex\listings\lstmisc.sty
File: lstmisc.sty 2007/02/22 1.4 (Carsten Heinz)
\c@lstnumber=\count350
\lst@skipnumbers=\count351
\lst@framebox=\box50
)
(C:\CTEX\MiKTeX\tex\latex\listings\listings.cfg
File: listings.cfg 2007/02/22 1.4 listings configuration
))
Package: listings 2007/02/22 1.4 (Carsten Heinz)

(C:\CTEX\MiKTeX\tex\latex\algorithms\algorithm.sty
Invalid UTF-8 byte or sequence at line 11 replaced by U+FFFD.
Package: algorithm 2009/08/24 v0.1 Document Style `algorithm' - floating enviro
nment

(C:\CTEX\MiKTeX\tex\latex\float\float.sty
Package: float 2001/11/08 v1.3d Float enhancements (AL)
\c@float@type=\count352
\float@exts=\toks51
\float@box=\box51
\@float@everytoks=\toks52
\@floatcapt=\box52
)
\@float@every@algorithm=\toks53
\c@algorithm=\count353
)
(C:\CTEX\MiKTeX\tex\latex\algorithmicx\algpseudocode.sty
Package: algpseudocode 

(C:\CTEX\MiKTeX\tex\latex\algorithmicx\algorithmicx.sty
Package: algorithmicx 2005/04/27 v1.2 Algorithmicx

Document Style algorithmicx 1.2 - a greatly improved `algorithmic' style
\c@ALG@line=\count354
\c@ALG@rem=\count355
\c@ALG@nested=\count356
\ALG@tlm=\skip103
\ALG@thistlm=\skip104
\c@ALG@Lnr=\count357
\c@ALG@blocknr=\count358
\c@ALG@storecount=\count359
\c@ALG@tmpcounter=\count360
\ALG@tmplength=\skip105
)
Document Style - pseudocode environments for use with the `algorithmicx' style
) (C:\CTEX\MiKTeX\tex\latex\hyperref\hyperref.sty
Package: hyperref 2012/02/06 v6.82o Hypertext links for LaTeX

(C:\CTEX\MiKTeX\tex\generic\oberdiek\hobsub-hyperref.sty
Package: hobsub-hyperref 2011/04/23 v1.4 Bundle oberdiek, subset hyperref (HO)

(C:\CTEX\MiKTeX\tex\generic\oberdiek\hobsub-generic.sty
Package: hobsub-generic 2011/04/23 v1.4 Bundle oberdiek, subset generic (HO)
Package: hobsub 2011/04/23 v1.4 Subsetting bundle oberdiek (HO)
Package: infwarerr 2010/04/08 v1.3 Providing info/warning/message (HO)
Package: ltxcmds 2011/04/18 v1.20 LaTeX kernel commands for general use (HO)
Package: ifluatex 2010/03/01 v1.3 Provides the ifluatex switch (HO)
Package ifluatex Info: LuaTeX not detected.
Package hobsub Info: Skipping package `ifvtex' (already loaded).
Package: intcalc 2007/09/27 v1.1 Expandable integer calculations (HO)
Package hobsub Info: Skipping package `ifpdf' (already loaded).
Package: etexcmds 2011/02/16 v1.5 Prefix for e-TeX command names (HO)
Package etexcmds Info: Could not find \expanded.
(etexcmds)             That can mean that you are not using pdfTeX 1.50 or
(etexcmds)             that some package has redefined \expanded.
(etexcmds)             In the latter case, load this package earlier.
Package: kvsetkeys 2011/04/07 v1.13 Key value parser (HO)
Package: kvdefinekeys 2011/04/07 v1.3 Defining keys (HO)
Package: pdftexcmds 2011/04/22 v0.16 Utilities of pdfTeX for LuaTeX (HO)
Package pdftexcmds Info: LuaTeX not detected.
Package pdftexcmds Info: pdfTeX >= 1.30 not detected.
Package pdftexcmds Info: \pdf@primitive is available.
Package pdftexcmds Info: \pdf@ifprimitive is available.
Package pdftexcmds Info: \pdfdraftmode not found.
Package: pdfescape 2011/04/04 v1.12 Provides string conversions (HO)
Package: bigintcalc 2011/01/30 v1.2 Expandable big integer calculations (HO)
Package: bitset 2011/01/30 v1.1 Data type bit set (HO)
Package: uniquecounter 2011/01/30 v1.2 Provides unlimited unique counter (HO)
)
Package hobsub Info: Skipping package `hobsub' (already loaded).
Package: letltxmacro 2010/09/02 v1.4 Let assignment for LaTeX macros (HO)
Package: hopatch 2011/01/30 v1.0 Wrapper for package hooks (HO)
Package: xcolor-patch 2011/01/30 xcolor patch
Package: atveryend 2011/04/23 v1.7 Hooks at very end of document (HO)
Package: atbegshi 2011/01/30 v1.15 At begin shipout hook (HO)
Package: refcount 2010/12/01 v3.2 Data extraction from references (HO)
Package: hycolor 2011/01/30 v1.7 Color options of hyperref/bookmark (HO)
)
(C:\CTEX\MiKTeX\tex\latex\oberdiek\kvoptions.sty
Package: kvoptions 2010/12/23 v3.10 Keyval support for LaTeX options (HO)
)
\@linkdim=\dimen278
\Hy@linkcounter=\count361
\Hy@pagecounter=\count362

(C:\CTEX\MiKTeX\tex\latex\hyperref\pd1enc.def
File: pd1enc.def 2012/02/06 v6.82o Hyperref: PDFDocEncoding definition (HO)
)
\Hy@SavedSpaceFactor=\count363

(C:\CTEX\MiKTeX\tex\latex\00miktex\hyperref.cfg
File: hyperref.cfg 2002/06/06 v1.2 hyperref configuration of TeXLive
)
Package hyperref Info: Option `CJKbookmarks' set `true' on input line 3925.
Package hyperref Info: Option `bookmarksnumbered' set `true' on input line 3925
.
Package hyperref Info: Option `bookmarksopen' set `true' on input line 3925.
Package hyperref Info: Option `colorlinks' set `true' on input line 3925.


Package hyperref Warning: XeTeX driver only supports unicode.
(hyperref)                Enabling option `unicode'.

Package hyperref Info: Option `unicode' set `true' on input line 3925.
(C:\CTEX\MiKTeX\tex\latex\hyperref\puenc.def
File: puenc.def 2012/02/06 v6.82o Hyperref: PDF Unicode definition (HO)
)
Package hyperref Info: Hyper figures OFF on input line 4046.
Package hyperref Info: Link nesting OFF on input line 4051.
Package hyperref Info: Hyper index ON on input line 4054.
Package hyperref Info: Plain pages OFF on input line 4061.
Package hyperref Info: Backreferencing OFF on input line 4066.
Package hyperref Info: Implicit mode ON; LaTeX internals redefined.
Package hyperref Info: Bookmarks ON on input line 4284.
\c@Hy@tempcnt=\count364

(C:\CTEX\MiKTeX\tex\xelatex\xetexurl\url.sty
\Urlmuskip=\muskip11
Package: url 2004/03/15  ver 3.1  Verb mode for urls, etc.
)
LaTeX Info: Redefining \url on input line 4637.
\Fld@menulength=\count365
\Field@Width=\dimen279
\Fld@charsize=\dimen280
Package hyperref Info: Hyper figures OFF on input line 5757.
Package hyperref Info: Link nesting OFF on input line 5762.
Package hyperref Info: Hyper index ON on input line 5765.
Package hyperref Info: backreferencing OFF on input line 5772.
Package hyperref Info: Link coloring ON on input line 5775.
Package hyperref Info: Link coloring with OCG OFF on input line 5782.
Package hyperref Info: PDF/A mode OFF on input line 5787.
LaTeX Info: Redefining \ref on input line 5827.
LaTeX Info: Redefining \pageref on input line 5831.
\Hy@abspage=\count366
\c@Item=\count367
\c@Hfootnote=\count368
)

Package hyperref Message: Driver (autodetected): hxetex.

(C:\CTEX\MiKTeX\tex\latex\hyperref\hxetex.def
File: hxetex.def 2012/02/06 v6.82o Hyperref driver for XeTeX

(C:\CTEX\MiKTeX\tex\generic\oberdiek\stringenc.sty
Package: stringenc 2010/03/01 v1.8 Converts strings between encodings (HO)
)
\pdfm@box=\box53
\c@Hy@AnnotLevel=\count369
\HyField@AnnotCount=\count370
\Fld@listcount=\count371
\c@bookmark@seq@number=\count372

(C:\CTEX\MiKTeX\tex\latex\oberdiek\rerunfilecheck.sty
Package: rerunfilecheck 2011/04/15 v1.7 Rerun checks for auxiliary files (HO)
Package rerunfilecheck Info: Feature \pdfmdfivesum is not available
(rerunfilecheck)             (e.g. pdfTeX or LuaTeX with package `pdftexcmds').

(rerunfilecheck)             Therefore file contents cannot be checked efficien
tly
(rerunfilecheck)             and the loading of the package is aborted.
)
\Hy@SectionHShift=\skip106
))
(C:\Users\hasee007\Desktop\毕设\last-dinner\nwputhesis-full\Bachelor\main.aux

(C:\Users\hasee007\Desktop\毕设\last-dinner\nwputhesis-full\Bachelor\preface/
cover.aux)
(C:\Users\hasee007\Desktop\毕设\last-dinner\nwputhesis-full\Bachelor\preface/
c_abstract.aux)
(C:\Users\hasee007\Desktop\毕设\last-dinner\nwputhesis-full\Bachelor\preface/
e_abstract.aux)
(C:\Users\hasee007\Desktop\毕设\last-dinner\nwputhesis-full\Bachelor\body/pre
face.aux)
(C:\Users\hasee007\Desktop\毕设\last-dinner\nwputhesis-full\Bachelor\body/int
roduction.aux)
(C:\Users\hasee007\Desktop\毕设\last-dinner\nwputhesis-full\Bachelor\body/rl.
aux)
(C:\Users\hasee007\Desktop\毕设\last-dinner\nwputhesis-full\Bachelor\body/exp
eriment.aux)
(C:\Users\hasee007\Desktop\毕设\last-dinner\nwputhesis-full\Bachelor\body/con
clusion.aux)
(C:\Users\hasee007\Desktop\毕设\last-dinner\nwputhesis-full\Bachelor\appendix
/acknowledgements.aux)
(C:\Users\hasee007\Desktop\毕设\last-dinner\nwputhesis-full\Bachelor\appendix
/design-conclusion.aux))
LaTeX Font Info:    Checking defaults for OML/cmm/m/it on input line 56.
LaTeX Font Info:    ... okay on input line 56.
LaTeX Font Info:    Checking defaults for T1/cmr/m/n on input line 56.
LaTeX Font Info:    ... okay on input line 56.
LaTeX Font Info:    Checking defaults for OT1/cmr/m/n on input line 56.
LaTeX Font Info:    ... okay on input line 56.
LaTeX Font Info:    Checking defaults for OMS/cmsy/m/n on input line 56.
LaTeX Font Info:    ... okay on input line 56.
LaTeX Font Info:    Checking defaults for OMX/cmex/m/n on input line 56.
LaTeX Font Info:    ... okay on input line 56.
LaTeX Font Info:    Checking defaults for U/cmr/m/n on input line 56.
LaTeX Font Info:    ... okay on input line 56.
LaTeX Font Info:    Checking defaults for EU1/lmr/m/n on input line 56.
LaTeX Font Info:    ... okay on input line 56.
LaTeX Font Info:    Checking defaults for T3/cmr/m/n on input line 56.
LaTeX Font Info:    Try loading font information for T3+cmr on input line 56.
 (C:\CTEX\MiKTeX\tex\latex\tipa\t3cmr.fd
File: t3cmr.fd 2001/12/31 TIPA font definitions
)
LaTeX Font Info:    ... okay on input line 56.
LaTeX Font Info:    Checking defaults for PD1/pdf/m/n on input line 56.
LaTeX Font Info:    ... okay on input line 56.
LaTeX Font Info:    Checking defaults for PU/pdf/m/n on input line 56.
LaTeX Font Info:    ... okay on input line 56.
Requested font "[lmroman12-regular]:mapping=tex-text" at 12.0pt
 -> C:/CTEX/MiKTeX/fonts/opentype/public/lm/lmroman12-regular.otf

*geometry* detected driver: pdftex
*geometry* verbose mode - [ preamble ] result:
* driver: pdftex
* paper: a4paper
* layout: <same size as paper>
* layoutoffset:(h,v)=(0.0pt,0.0pt)
* modes: 
* h-part:(L,W,R)=(86.72377pt, 424.06033pt, 86.72377pt)
* v-part:(T,H,B)=(57.81621pt, 671.5982pt, 115.63243pt)
* \paperwidth=597.50787pt
* \paperheight=845.04684pt
* \textwidth=424.06033pt
* \textheight=671.5982pt
* \oddsidemargin=14.45378pt
* \evensidemargin=14.45378pt
* \topmargin=-46.32758pt
* \headheight=12.0pt
* \headsep=19.8738pt
* \topskip=12.0pt
* \footskip=30.0pt
* \marginparwidth=38.0pt
* \marginparsep=7.0pt
* \columnsep=10.0pt
* \skip\footins=10.8pt plus 4.0pt minus 2.0pt
* \hoffset=0.0pt
* \voffset=0.0pt
* \mag=1000
* \@twocolumnfalse
* \@twosidefalse
* \@mparswitchfalse
* \@reversemarginfalse
* (1in=72.27pt=25.4mm, 1cm=28.453pt)


Package layouts Warning: Layout scale set to 0.5 on input line 56.

.................................................
. fontspec info: "setup-math"
. 
. Adjusting the maths setup (use [no-math] to avoid this).
.................................................
\symlegacymaths=\mathgroup10
LaTeX Font Info:    Overwriting symbol font `legacymaths' in version `bold'
(Font)                  OT1/cmr/m/n --> OT1/cmr/bx/n on input line 56.
LaTeX Font Info:    Redeclaring math accent \acute on input line 56.
LaTeX Font Info:    Redeclaring math accent \grave on input line 56.
LaTeX Font Info:    Redeclaring math accent \ddot on input line 56.
LaTeX Font Info:    Redeclaring math accent \tilde on input line 56.
LaTeX Font Info:    Redeclaring math accent \bar on input line 56.
LaTeX Font Info:    Redeclaring math accent \breve on input line 56.
LaTeX Font Info:    Redeclaring math accent \check on input line 56.
LaTeX Font Info:    Redeclaring math accent \hat on input line 56.
LaTeX Font Info:    Redeclaring math accent \dot on input line 56.
LaTeX Font Info:    Redeclaring math accent \mathring on input line 56.
LaTeX Font Info:    Redeclaring math symbol \Gamma on input line 56.
LaTeX Font Info:    Redeclaring math symbol \Delta on input line 56.
LaTeX Font Info:    Redeclaring math symbol \Theta on input line 56.
LaTeX Font Info:    Redeclaring math symbol \Lambda on input line 56.
LaTeX Font Info:    Redeclaring math symbol \Xi on input line 56.
LaTeX Font Info:    Redeclaring math symbol \Pi on input line 56.
LaTeX Font Info:    Redeclaring math symbol \Sigma on input line 56.
LaTeX Font Info:    Redeclaring math symbol \Upsilon on input line 56.
LaTeX Font Info:    Redeclaring math symbol \Phi on input line 56.
LaTeX Font Info:    Redeclaring math symbol \Psi on input line 56.
LaTeX Font Info:    Redeclaring math symbol \Omega on input line 56.
LaTeX Font Info:    Redeclaring math symbol \mathdollar on input line 56.
LaTeX Font Info:    Redeclaring symbol font `operators' on input line 56.
LaTeX Font Info:    Encoding `OT1' has changed to `EU1' for symbol font
(Font)              `operators' in the math version `normal' on input line 56.
LaTeX Font Info:    Overwriting symbol font `operators' in version `normal'
(Font)                  OT1/cmr/m/n --> EU1/lmr/m/n on input line 56.
LaTeX Font Info:    Encoding `OT1' has changed to `EU1' for symbol font
(Font)              `operators' in the math version `bold' on input line 56.
LaTeX Font Info:    Overwriting symbol font `operators' in version `bold'
(Font)                  OT1/cmr/bx/n --> EU1/lmr/m/n on input line 56.
LaTeX Font Info:    Overwriting symbol font `operators' in version `normal'
(Font)                  EU1/lmr/m/n --> EU1/lmr/m/n on input line 56.
LaTeX Font Info:    Overwriting math alphabet `\mathrm' in version `normal'
(Font)                  EU1/lmr/m/n --> EU1/lmr/m/n on input line 56.
LaTeX Font Info:    Overwriting math alphabet `\mathit' in version `normal'
(Font)                  OT1/cmr/m/it --> EU1/lmr/m/it on input line 56.
LaTeX Font Info:    Overwriting math alphabet `\mathbf' in version `normal'
(Font)                  OT1/cmr/bx/n --> EU1/lmr/bx/n on input line 56.
LaTeX Font Info:    Overwriting math alphabet `\mathsf' in version `normal'
(Font)                  OT1/cmss/m/n --> EU1/lmss/m/n on input line 56.
LaTeX Font Info:    Overwriting math alphabet `\mathtt' in version `normal'
(Font)                  OT1/cmtt/m/n --> EU1/lmtt/m/n on input line 56.
LaTeX Font Info:    Overwriting symbol font `operators' in version `bold'
(Font)                  EU1/lmr/m/n --> EU1/lmr/bx/n on input line 56.
LaTeX Font Info:    Overwriting math alphabet `\mathrm' in version `bold'
(Font)                  EU1/lmr/m/n --> EU1/lmr/bx/n on input line 56.
LaTeX Font Info:    Overwriting math alphabet `\mathit' in version `bold'
(Font)                  OT1/cmr/bx/it --> EU1/lmr/bx/it on input line 56.
LaTeX Font Info:    Overwriting math alphabet `\mathsf' in version `bold'
(Font)                  OT1/cmss/bx/n --> EU1/lmss/bx/n on input line 56.
LaTeX Font Info:    Overwriting math alphabet `\mathtt' in version `bold'
(Font)                  OT1/cmtt/m/n --> EU1/lmtt/bx/n on input line 56.
ABD: EveryShipout initializing macros
\c@lstlisting=\count373
\AtBeginShipoutBox=\box54


Package hyperref Warning: Height of page (\stockheight) is invalid (0.0pt),
(hyperref)                using 11in.

Package hyperref Info: Link coloring ON on input line 56.
(C:\CTEX\MiKTeX\tex\latex\hyperref\nameref.sty
Package: nameref 2010/04/30 v2.40 Cross-referencing by name of section

(C:\CTEX\MiKTeX\tex\generic\oberdiek\gettitlestring.sty
Package: gettitlestring 2010/12/03 v1.4 Cleanup title references (HO)
)
\c@section@level=\count374
LaTeX Info: Redefining \Ref on input line 498.
)
LaTeX Info: Redefining \ref on input line 56.
LaTeX Info: Redefining \pageref on input line 56.
LaTeX Info: Redefining \nameref on input line 56.

(C:\Users\hasee007\Desktop\毕设\last-dinner\nwputhesis-full\Bachelor\main.out
) (C:\Users\hasee007\Desktop\毕设\last-dinner\nwputhesis-full\Bachelor\main.o
ut)
\@outlinefile=\write4
LaTeX Info: Redefining \Ref on input line 56.

(C:\Users\hasee007\Desktop\毕设\last-dinner\nwputhesis-full\Bachelor\setup/fo
rmat.tex
Requested font "TeX Gyre Termes" at 12.0pt
 -> C:/CTEX/MiKTeX/fonts/opentype/public/tex-gyre/texgyretermes-regular.otf
Requested font "TeX Gyre Termes/ICU" at 12.0pt
 -> C:/CTEX/MiKTeX/fonts/opentype/public/tex-gyre/texgyretermes-regular.otf
\g_fontspec_family_TeX Gyre Termes_int=\count375
Requested font "TeX Gyre Termes/B/ICU" at 12.0pt
 -> C:/CTEX/MiKTeX/fonts/opentype/public/tex-gyre/texgyretermes-bold.otf
Requested font "TeX Gyre Termes/B/B/ICU" at 12.0pt
 -> C:/CTEX/MiKTeX/fonts/opentype/public/tex-gyre/texgyretermes-bold.otf
Requested font "TeX Gyre Termes/I/ICU" at 12.0pt
 -> C:/CTEX/MiKTeX/fonts/opentype/public/tex-gyre/texgyretermes-italic.otf
Requested font "TeX Gyre Termes/I/I/ICU" at 12.0pt
 -> C:/CTEX/MiKTeX/fonts/opentype/public/tex-gyre/texgyretermes-italic.otf
Requested font "TeX Gyre Termes/BI/ICU" at 12.0pt
 -> C:/CTEX/MiKTeX/fonts/opentype/public/tex-gyre/texgyretermes-bolditalic.otf
Requested font "TeX Gyre Termes/BI/BI/ICU" at 12.0pt
 -> C:/CTEX/MiKTeX/fonts/opentype/public/tex-gyre/texgyretermes-bolditalic.otf
.................................................
. fontspec info: "defining-font"
. 
. Font family 'TeXGyreTermes(0)' created for font 'TeX Gyre Termes' with
. options [].
. 
. This font family consists of the following shapes:
. 
. * 'normal' with NFSS spec.:
. <->"TeX Gyre Termes/ICU:script=latn;language=DFLT;"
. 
. * 'small caps' with NFSS spec.:
. <->"TeX Gyre Termes/ICU:script=latn;language=DFLT;+smcp;"
. 
. * 'bold' with NFSS spec.:
. <->"TeX Gyre Termes/B/ICU:script=latn;language=DFLT;"
. 
. * 'bold small caps' with NFSS spec.:
. <->"TeX Gyre Termes/B/ICU:script=latn;language=DFLT;+smcp;"
. 
. * 'italic' with NFSS spec.:
. <->"TeX Gyre Termes/I/ICU:script=latn;language=DFLT;"
. 
. * 'italic small caps' with NFSS spec.:
. <->"TeX Gyre Termes/I/ICU:script=latn;language=DFLT;+smcp;"
. 
. * 'bold italic' with NFSS spec.:
. <->"TeX Gyre Termes/BI/ICU:script=latn;language=DFLT;"
. 
. * 'bold italic small caps' with NFSS spec.:
. <->"TeX Gyre Termes/BI/ICU:script=latn;language=DFLT;+smcp;"
.................................................
Requested font "TeX Gyre Termes/ICU:script=latn;language=DFLT;" at 12.0pt
 -> C:/CTEX/MiKTeX/fonts/opentype/public/tex-gyre/texgyretermes-regular.otf
Requested font "TeX Gyre Heros" at 12.0pt
 -> C:/CTEX/MiKTeX/fonts/opentype/public/tex-gyre/texgyreheros-regular.otf
Requested font "TeX Gyre Heros/ICU" at 12.0pt
 -> C:/CTEX/MiKTeX/fonts/opentype/public/tex-gyre/texgyreheros-regular.otf
\g_fontspec_family_TeX Gyre Heros_int=\count376
Requested font "TeX Gyre Heros/B/ICU" at 12.0pt
 -> C:/CTEX/MiKTeX/fonts/opentype/public/tex-gyre/texgyreheros-bold.otf
Requested font "TeX Gyre Heros/B/B/ICU" at 12.0pt
 -> C:/CTEX/MiKTeX/fonts/opentype/public/tex-gyre/texgyreheros-bold.otf
Requested font "TeX Gyre Heros/I/ICU" at 12.0pt
 -> C:/CTEX/MiKTeX/fonts/opentype/public/tex-gyre/texgyreheros-italic.otf
Requested font "TeX Gyre Heros/I/I/ICU" at 12.0pt
 -> C:/CTEX/MiKTeX/fonts/opentype/public/tex-gyre/texgyreheros-italic.otf
Requested font "TeX Gyre Heros/BI/ICU" at 12.0pt
 -> C:/CTEX/MiKTeX/fonts/opentype/public/tex-gyre/texgyreheros-bolditalic.otf
Requested font "TeX Gyre Heros/BI/BI/ICU" at 12.0pt
 -> C:/CTEX/MiKTeX/fonts/opentype/public/tex-gyre/texgyreheros-bolditalic.otf
.................................................
. fontspec info: "defining-font"
. 
. Font family 'TeXGyreHeros(0)' created for font 'TeX Gyre Heros' with options
. [].
. 
. This font family consists of the following shapes:
. 
. * 'normal' with NFSS spec.:
. <->"TeX Gyre Heros/ICU:script=latn;language=DFLT;"
. 
. * 'small caps' with NFSS spec.:
. <->"TeX Gyre Heros/ICU:script=latn;language=DFLT;+smcp;"
. 
. * 'bold' with NFSS spec.:
. <->"TeX Gyre Heros/B/ICU:script=latn;language=DFLT;"
. 
. * 'bold small caps' with NFSS spec.:
. <->"TeX Gyre Heros/B/ICU:script=latn;language=DFLT;+smcp;"
. 
. * 'italic' with NFSS spec.:
. <->"TeX Gyre Heros/I/ICU:script=latn;language=DFLT;"
. 
. * 'italic small caps' with NFSS spec.:
. <->"TeX Gyre Heros/I/ICU:script=latn;language=DFLT;+smcp;"
. 
. * 'bold italic' with NFSS spec.:
. <->"TeX Gyre Heros/BI/ICU:script=latn;language=DFLT;"
. 
. * 'bold italic small caps' with NFSS spec.:
. <->"TeX Gyre Heros/BI/ICU:script=latn;language=DFLT;+smcp;"
.................................................
Requested font "TeX Gyre Cursor" at 12.0pt
 -> C:/CTEX/MiKTeX/fonts/opentype/public/tex-gyre/texgyrecursor-regular.otf
Requested font "TeX Gyre Cursor/ICU" at 12.0pt
 -> C:/CTEX/MiKTeX/fonts/opentype/public/tex-gyre/texgyrecursor-regular.otf
\g_fontspec_family_TeX Gyre Cursor_int=\count377
Requested font "TeX Gyre Cursor/B/ICU" at 12.0pt
 -> C:/CTEX/MiKTeX/fonts/opentype/public/tex-gyre/texgyrecursor-bold.otf
Requested font "TeX Gyre Cursor/B/B/ICU" at 12.0pt
 -> C:/CTEX/MiKTeX/fonts/opentype/public/tex-gyre/texgyrecursor-bold.otf
Requested font "TeX Gyre Cursor/I/ICU" at 12.0pt
 -> C:/CTEX/MiKTeX/fonts/opentype/public/tex-gyre/texgyrecursor-italic.otf
Requested font "TeX Gyre Cursor/I/I/ICU" at 12.0pt
 -> C:/CTEX/MiKTeX/fonts/opentype/public/tex-gyre/texgyrecursor-italic.otf
Requested font "TeX Gyre Cursor/BI/ICU" at 12.0pt
 -> C:/CTEX/MiKTeX/fonts/opentype/public/tex-gyre/texgyrecursor-bolditalic.otf
Requested font "TeX Gyre Cursor/BI/BI/ICU" at 12.0pt
 -> C:/CTEX/MiKTeX/fonts/opentype/public/tex-gyre/texgyrecursor-bolditalic.otf
.................................................
. fontspec info: "defining-font"
. 
. Font family 'TeXGyreCursor(0)' created for font 'TeX Gyre Cursor' with
. options [].
. 
. This font family consists of the following shapes:
. 
. * 'normal' with NFSS spec.:
. <->"TeX Gyre Cursor/ICU:script=latn;language=DFLT;"
. 
. * 'small caps' with NFSS spec.:
. <->"TeX Gyre Cursor/ICU:script=latn;language=DFLT;+smcp;"
. 
. * 'bold' with NFSS spec.:
. <->"TeX Gyre Cursor/B/ICU:script=latn;language=DFLT;"
. 
. * 'bold small caps' with NFSS spec.:
. <->"TeX Gyre Cursor/B/ICU:script=latn;language=DFLT;+smcp;"
. 
. * 'italic' with NFSS spec.:
. <->"TeX Gyre Cursor/I/ICU:script=latn;language=DFLT;"
. 
. * 'italic small caps' with NFSS spec.:
. <->"TeX Gyre Cursor/I/ICU:script=latn;language=DFLT;+smcp;"
. 
. * 'bold italic' with NFSS spec.:
. <->"TeX Gyre Cursor/BI/ICU:script=latn;language=DFLT;"
. 
. * 'bold italic small caps' with NFSS spec.:
. <->"TeX Gyre Cursor/BI/ICU:script=latn;language=DFLT;+smcp;"
.................................................

(C:\Users\hasee007\Desktop\毕设\last-dinner\nwputhesis-full\Bachelor\gb_452.c
px
File: GB.cap 2003/05/18 4.5.2for Standard LaTeX document class
)
\CJKtwospaces=\skip107
\AphorismAuthor=\box55
\c@newlist=\count378
.................................................
. fontspec info: "defining-font"
. 
. Font family 'TeXGyreCursor(0)' created for font 'TeX Gyre Cursor' with
. options [].
. 
. This font family consists of the following shapes:
.................................................
Requested font "TeX Gyre Pagella" at 12.0pt
 -> C:/CTEX/MiKTeX/fonts/opentype/public/tex-gyre/texgyrepagella-regular.otf
Requested font "TeX Gyre Pagella/ICU" at 12.0pt
 -> C:/CTEX/MiKTeX/fonts/opentype/public/tex-gyre/texgyrepagella-regular.otf
\g_fontspec_family_TeX Gyre Pagella_int=\count379
Requested font "TeX Gyre Pagella/B/ICU" at 12.0pt
 -> C:/CTEX/MiKTeX/fonts/opentype/public/tex-gyre/texgyrepagella-bold.otf
Requested font "TeX Gyre Pagella/B/B/ICU" at 12.0pt
 -> C:/CTEX/MiKTeX/fonts/opentype/public/tex-gyre/texgyrepagella-bold.otf
Requested font "TeX Gyre Pagella/I/ICU" at 12.0pt
 -> C:/CTEX/MiKTeX/fonts/opentype/public/tex-gyre/texgyrepagella-italic.otf
Requested font "TeX Gyre Pagella/I/I/ICU" at 12.0pt
 -> C:/CTEX/MiKTeX/fonts/opentype/public/tex-gyre/texgyrepagella-italic.otf
Requested font "TeX Gyre Pagella/BI/ICU" at 12.0pt
 -> C:/CTEX/MiKTeX/fonts/opentype/public/tex-gyre/texgyrepagella-bolditalic.otf
Requested font "TeX Gyre Pagella/BI/BI/ICU" at 12.0pt
 -> C:/CTEX/MiKTeX/fonts/opentype/public/tex-gyre/texgyrepagella-bolditalic.otf
.................................................
. fontspec info: "defining-font"
. 
. Font family 'TeXGyrePagella(0)' created for font 'TeX Gyre Pagella' with
. options [].
. 
. This font family consists of the following shapes:
. 
. * 'normal' with NFSS spec.:
. <->"TeX Gyre Pagella/ICU:script=latn;language=DFLT;"
. 
. * 'small caps' with NFSS spec.:
. <->"TeX Gyre Pagella/ICU:script=latn;language=DFLT;+smcp;"
. 
. * 'bold' with NFSS spec.:
. <->"TeX Gyre Pagella/B/ICU:script=latn;language=DFLT;"
. 
. * 'bold small caps' with NFSS spec.:
. <->"TeX Gyre Pagella/B/ICU:script=latn;language=DFLT;+smcp;"
. 
. * 'italic' with NFSS spec.:
. <->"TeX Gyre Pagella/I/ICU:script=latn;language=DFLT;"
. 
. * 'italic small caps' with NFSS spec.:
. <->"TeX Gyre Pagella/I/ICU:script=latn;language=DFLT;+smcp;"
. 
. * 'bold italic' with NFSS spec.:
. <->"TeX Gyre Pagella/BI/ICU:script=latn;language=DFLT;"
. 
. * 'bold italic small caps' with NFSS spec.:
. <->"TeX Gyre Pagella/BI/ICU:script=latn;language=DFLT;+smcp;"
.................................................
 (C:\CTEX\MiKTeX\tex\latex\listings\lstlang1.sty
File: lstlang1.sty 2004/09/05 1.3 listings language file
))
(C:\Users\hasee007\Desktop\毕设\last-dinner\nwputhesis-full\Bachelor\preface/
cover.tex
(C:\Users\hasee007\Desktop\毕设\last-dinner\nwputhesis-full\Bachelor\logo.tex
Missing character: There is no ; in font nullfont!
Requested font "nwpulogo" at 12.0pt
 -> C:/WINDOWS/Fonts/nwpulogo_0.ttf
Missing character: There is no   in font nwpulogo!
Requested font "nwpulogo/ICU" at 12.0pt
 -> C:/WINDOWS/Fonts/nwpulogo_0.ttf
Missing character: There is no   in font nwpulogo/ICU!
.................................................
. fontspec info: "no-scripts"
. 
. Font nwpulogo does not contain any OpenType `Script' information.
.................................................
\g_fontspec_family_nwpulogo_int=\count380
Requested font "nwpulogo/B/ICU" at 12.0pt
 -> C:/WINDOWS/Fonts/nwpulogo_0.ttf
.................................................
. fontspec info: "no-font-shape"
. 
. Could not resolve font nwpulogo/B (it probably doesn't exist).
.................................................
Requested font "nwpulogo/I/ICU" at 12.0pt
 -> C:/WINDOWS/Fonts/nwpulogo_0.ttf
.................................................
. fontspec info: "no-font-shape"
. 
. Could not resolve font nwpulogo/I (it probably doesn't exist).
.................................................
Requested font "nwpulogo/BI/ICU" at 12.0pt
 -> C:/WINDOWS/Fonts/nwpulogo_0.ttf
.................................................
. fontspec info: "no-font-shape"
. 
. Could not resolve font nwpulogo/BI (it probably doesn't exist).
.................................................
.................................................
. fontspec info: "defining-font"
. 
. Font family 'nwpulogo(0)' created for font 'nwpulogo' with options [].
. 
. This font family consists of the following shapes:
. 
. * 'normal' with NFSS spec.:
. <->"nwpulogo/ICU:"
.................................................
Requested font "nwpulogo/ICU:" at 12.0pt
 -> C:/WINDOWS/Fonts/nwpulogo_0.ttf
Requested font "nwpulogo/ICU:" at 12.0pt
 -> C:/WINDOWS/Fonts/nwpulogo_0.ttf
Missing character: There is no ; in font nullfont!
Requested font "TeX Gyre Termes/B/ICU:script=latn;language=DFLT;" at 12.0pt
 -> C:/CTEX/MiKTeX/fonts/opentype/public/tex-gyre/texgyretermes-bold.otf
Missing character: There is no ; in font nullfont!
)
Overfull \hbox (101.29214pt too wide) in paragraph at lines 29--25
[][] 
 []

Requested font "[lmroman8-regular]:mapping=tex-text" at 8.0pt
 -> C:/CTEX/MiKTeX/fonts/opentype/public/lm/lmroman8-regular.otf
Requested font "[lmroman6-regular]:mapping=tex-text" at 6.0pt
 -> C:/CTEX/MiKTeX/fonts/opentype/public/lm/lmroman6-regular.otf
Requested font "cmmi12" at 12.0pt
 -> cmmi12
Requested font "cmmi8" at 8.0pt
 -> cmmi8
Requested font "cmmi6" at 6.0pt
 -> cmmi6
Requested font "cmsy10" at 12.0pt
 -> cmsy10
Requested font "cmsy8" at 8.0pt
 -> cmsy8
Requested font "cmsy6" at 6.0pt
 -> cmsy6
Requested font "cmex10" at 12.0pt
 -> cmex10
Requested font "cmex10" at 8.0pt
 -> cmex10
Requested font "cmex10" at 6.0pt
 -> cmex10
Requested font "msam10" at 12.0pt
 -> msam10
Requested font "msam7" at 8.0pt
 -> msam7
Requested font "msam5" at 6.0pt
 -> msam5
Requested font "msbm10" at 12.0pt
 -> msbm10
Requested font "msbm7" at 8.0pt
 -> msbm7
Requested font "msbm5" at 6.0pt
 -> msbm5
LaTeX Font Info:    Try loading font information for U+rsfs on input line 25.
(C:\CTEX\MiKTeX\tex\latex\jknappen\ursfs.fd
File: ursfs.fd 1998/03/24 rsfs font definition file (jk)
)
Requested font "rsfs10" at 12.0pt
 -> rsfs10
Requested font "rsfs10" at 8.0pt
 -> rsfs10
Requested font "rsfs5" at 6.0pt
 -> rsfs5
Requested font "cmbx12" at 12.0pt
 -> cmbx12
Requested font "cmbx8" at 8.0pt
 -> cmbx8
Requested font "cmbx6" at 6.0pt
 -> cmbx6
Requested font "cmmib10" at 12.0pt
 -> cmmib10
Requested font "cmmib7" at 8.0pt
 -> cmmib7
Requested font "cmmib5" at 6.0pt
 -> cmmib5
Requested font "cmbsy10" at 12.0pt
 -> cmbsy10
Requested font "cmbsy7" at 8.0pt
 -> cmbsy7
Requested font "cmbsy5" at 6.0pt
 -> cmbsy5
Requested font "cmr8" at 8.0pt
 -> cmr8
Requested font "cmr6" at 6.0pt
 -> cmr6
Requested font "nwpulogo" at 33.0pt
 -> C:/WINDOWS/Fonts/nwpulogo_0.ttf
Missing character: There is no   in font nwpulogo!
Requested font "nwpulogo/ICU" at 33.0pt
 -> C:/WINDOWS/Fonts/nwpulogo_0.ttf
Missing character: There is no   in font nwpulogo/ICU!
.................................................
. fontspec info: "no-scripts"
. 
. Font nwpulogo does not contain any OpenType `Script' information.
.................................................
.................................................
. fontspec info: "defining-font"
. 
. Font family 'nwpulogo(0)' created for font 'nwpulogo' with options [].
. 
. This font family consists of the following shapes:
.................................................
Requested font "nwpulogo/ICU:" at 33.0pt
 -> C:/WINDOWS/Fonts/nwpulogo_0.ttf
Requested font "nwpulogo/ICU:" at 33.0pt
 -> C:/WINDOWS/Fonts/nwpulogo_0.ttf
Requested font "TeX Gyre Termes/ICU:script=latn;language=DFLT;" at 42.0pt
 -> C:/CTEX/MiKTeX/fonts/opentype/public/tex-gyre/texgyretermes-regular.otf
Requested font "TeX Gyre Termes/B/ICU:script=latn;language=DFLT;" at 42.0pt
 -> C:/CTEX/MiKTeX/fonts/opentype/public/tex-gyre/texgyretermes-bold.otf
Requested font "SimSun" at 42.0pt
 -> C:/WINDOWS/Fonts/simsun.ttc
Requested font "SimSun/ICU" at 42.0pt
 -> C:/WINDOWS/Fonts/simsun.ttc
\g_fontspec_family_SimSun_int=\count381
Requested font "SimSun/B/ICU" at 42.0pt
 -> C:/WINDOWS/Fonts/simsun.ttc
.................................................
. fontspec info: "no-font-shape"
. 
. Could not resolve font SimSun/B (it probably doesn't exist).
.................................................
Requested font "SimSun/I/ICU" at 42.0pt
 -> C:/WINDOWS/Fonts/simsun.ttc
.................................................
. fontspec info: "no-font-shape"
. 
. Could not resolve font SimSun/I (it probably doesn't exist).
.................................................
Requested font "SimSun/BI/ICU" at 42.0pt
 -> C:/WINDOWS/Fonts/simsun.ttc
.................................................
. fontspec info: "no-font-shape"
. 
. Could not resolve font SimSun/BI (it probably doesn't exist).
.................................................
.................................................
. fontspec info: "defining-font"
. 
. Font family 'SimSun(0)' created for font 'SimSun' with options [].
. 
. This font family consists of the following shapes:
. 
. * 'normal' with NFSS spec.:
. <->"SimSun/ICU:script=latn;language=DFLT;"
.................................................


LaTeX Font Warning: Font shape `EU1/SimSun(0)/bx/n' undefined
(Font)              using `EU1/SimSun(0)/m/n' instead on input line 33.

Requested font "SimSun/ICU:script=latn;language=DFLT;" at 42.0pt
 -> C:/WINDOWS/Fonts/simsun.ttc
Requested font "TeX Gyre Termes/ICU:script=latn;language=DFLT;" at 16.0pt
 -> C:/CTEX/MiKTeX/fonts/opentype/public/tex-gyre/texgyretermes-regular.otf
Requested font "SimHei" at 16.0pt
 -> C:/WINDOWS/Fonts/simhei.ttf
Requested font "SimHei/ICU" at 16.0pt
 -> C:/WINDOWS/Fonts/simhei.ttf
\g_fontspec_family_SimHei_int=\count382
Requested font "SimHei/B/ICU" at 16.0pt
 -> C:/WINDOWS/Fonts/simhei.ttf
.................................................
. fontspec info: "no-font-shape"
. 
. Could not resolve font SimHei/B (it probably doesn't exist).
.................................................
Requested font "SimHei/I/ICU" at 16.0pt
 -> C:/WINDOWS/Fonts/simhei.ttf
.................................................
. fontspec info: "no-font-shape"
. 
. Could not resolve font SimHei/I (it probably doesn't exist).
.................................................
Requested font "SimHei/BI/ICU" at 16.0pt
 -> C:/WINDOWS/Fonts/simhei.ttf
.................................................
. fontspec info: "no-font-shape"
. 
. Could not resolve font SimHei/BI (it probably doesn't exist).
.................................................
.................................................
. fontspec info: "defining-font"
. 
. Font family 'SimHei(0)' created for font 'SimHei' with options [].
. 
. This font family consists of the following shapes:
. 
. * 'normal' with NFSS spec.:
. <->"SimHei/ICU:script=latn;language=DFLT;"
.................................................
Requested font "SimHei/ICU:script=latn;language=DFLT;" at 16.0pt
 -> C:/WINDOWS/Fonts/simhei.ttf
LaTeX Font Info:    Calculating math sizes for size <16> on input line 36.
Requested font "[lmroman17-regular]:mapping=tex-text" at 16.0pt
 -> C:/CTEX/MiKTeX/fonts/opentype/public/lm/lmroman17-regular.otf
Requested font "[lmroman12-regular]:mapping=tex-text" at 11.19995pt
 -> C:/CTEX/MiKTeX/fonts/opentype/public/lm/lmroman12-regular.otf
Requested font "cmmi12" at 16.0pt
 -> cmmi12
Requested font "cmmi10" at 11.19995pt
 -> cmmi10
Requested font "cmsy10" at 16.0pt
 -> cmsy10
Requested font "cmsy10" at 11.19995pt
 -> cmsy10
Requested font "cmex10" at 16.0pt
 -> cmex10
Requested font "cmex10" at 11.19995pt
 -> cmex10
Requested font "msam10" at 16.0pt
 -> msam10
Requested font "msam10" at 11.19995pt
 -> msam10
Requested font "msbm10" at 16.0pt
 -> msbm10
Requested font "msbm10" at 11.19995pt
 -> msbm10

LaTeX Font Warning: Font shape `U/rsfs/m/n' in size <16> not available
(Font)              size <17.28> substituted on input line 36.

Requested font "rsfs10" at 17.28pt
 -> rsfs10
Requested font "rsfs10" at 10.95pt
 -> rsfs10
Requested font "cmbx12" at 16.0pt
 -> cmbx12
Requested font "cmbx10" at 11.19995pt
 -> cmbx10
Requested font "cmmib10" at 16.0pt
 -> cmmib10
Requested font "cmmib10" at 11.19995pt
 -> cmmib10
Requested font "cmbsy10" at 16.0pt
 -> cmbsy10
Requested font "cmbsy10" at 11.19995pt
 -> cmbsy10
Requested font "cmr12" at 16.0pt
 -> cmr12
Requested font "cmr10" at 11.19995pt
 -> cmr10
Requested font "TeX Gyre Termes/ICU:script=latn;language=DFLT;" at 14.0pt
 -> C:/CTEX/MiKTeX/fonts/opentype/public/tex-gyre/texgyretermes-regular.otf
Requested font "SimSun" at 14.0pt
 -> C:/WINDOWS/Fonts/simsun.ttc
Requested font "SimSun/ICU" at 14.0pt
 -> C:/WINDOWS/Fonts/simsun.ttc
.................................................
. fontspec info: "defining-font"
. 
. Font family 'SimSun(0)' created for font 'SimSun' with options [].
. 
. This font family consists of the following shapes:
.................................................
Requested font "SimSun/ICU:script=latn;language=DFLT;" at 14.0pt
 -> C:/WINDOWS/Fonts/simsun.ttc
LaTeX Font Info:    Calculating math sizes for size <14> on input line 40.
Requested font "[lmroman12-regular]:mapping=tex-text" at 14.0pt
 -> C:/CTEX/MiKTeX/fonts/opentype/public/lm/lmroman12-regular.otf
Requested font "[lmroman10-regular]:mapping=tex-text" at 9.79996pt
 -> C:/CTEX/MiKTeX/fonts/opentype/public/lm/lmroman10-regular.otf
Requested font "[lmroman7-regular]:mapping=tex-text" at 7.0pt
 -> C:/CTEX/MiKTeX/fonts/opentype/public/lm/lmroman7-regular.otf
Requested font "cmmi12" at 14.0pt
 -> cmmi12
Requested font "cmmi9" at 9.79996pt
 -> cmmi9
Requested font "cmsy10" at 14.0pt
 -> cmsy10
Requested font "cmsy9" at 9.79996pt
 -> cmsy9
Requested font "cmex10" at 14.0pt
 -> cmex10
Requested font "cmex10" at 9.79996pt
 -> cmex10
Requested font "cmex10" at 7.0pt
 -> cmex10
Requested font "msam10" at 14.0pt
 -> msam10
Requested font "msam7" at 9.79996pt
 -> msam7
Requested font "msam7" at 7.0pt
 -> msam7
Requested font "msbm10" at 14.0pt
 -> msbm10
Requested font "msbm7" at 9.79996pt
 -> msbm7
Requested font "msbm7" at 7.0pt
 -> msbm7
Requested font "rsfs10" at 14.4pt
 -> rsfs10
Requested font "rsfs10" at 10.0pt
 -> rsfs10
Requested font "rsfs7" at 7.0pt
 -> rsfs7
Requested font "cmbx12" at 14.0pt
 -> cmbx12
Requested font "cmbx9" at 9.79996pt
 -> cmbx9
Requested font "cmbx7" at 7.0pt
 -> cmbx7
Requested font "cmmib10" at 14.0pt
 -> cmmib10
Requested font "cmmib7" at 9.79996pt
 -> cmmib7
Requested font "cmmib7" at 7.0pt
 -> cmmib7
Requested font "cmbsy10" at 14.0pt
 -> cmbsy10
Requested font "cmbsy7" at 9.79996pt
 -> cmbsy7
Requested font "cmbsy7" at 7.0pt
 -> cmbsy7
Requested font "cmr12" at 14.0pt
 -> cmr12
Requested font "cmr9" at 9.79996pt
 -> cmr9
[1




])
(C:\Users\hasee007\Desktop\毕设\last-dinner\nwputhesis-full\Bachelor\preface/
c_abstract.tex
Requested font "TeX Gyre Heros/ICU:script=latn;language=DFLT;" at 16.0pt
 -> C:/CTEX/MiKTeX/fonts/opentype/public/tex-gyre/texgyreheros-regular.otf
.................................................
. fontspec info: "defining-font"
. 
. Font family 'SimHei(0)' created for font 'SimHei' with options [].
. 
. This font family consists of the following shapes:
.................................................
Requested font "SimSun" at 12.0pt
 -> C:/WINDOWS/Fonts/simsun.ttc
Requested font "SimSun/ICU" at 12.0pt
 -> C:/WINDOWS/Fonts/simsun.ttc
.................................................
. fontspec info: "defining-font"
. 
. Font family 'SimSun(0)' created for font 'SimSun' with options [].
. 
. This font family consists of the following shapes:
.................................................
Requested font "SimSun/ICU:script=latn;language=DFLT;" at 12.0pt
 -> C:/WINDOWS/Fonts/simsun.ttc
Requested font "SimHei" at 12.0pt
 -> C:/WINDOWS/Fonts/simhei.ttf
Requested font "SimHei/ICU" at 12.0pt
 -> C:/WINDOWS/Fonts/simhei.ttf
.................................................
. fontspec info: "defining-font"
. 
. Font family 'SimHei(0)' created for font 'SimHei' with options [].
. 
. This font family consists of the following shapes:
.................................................
Requested font "SimHei/ICU:script=latn;language=DFLT;" at 12.0pt
 -> C:/WINDOWS/Fonts/simhei.ttf
)
Requested font "nwpulogo" at 16.0pt
 -> C:/WINDOWS/Fonts/nwpulogo_0.ttf
Missing character: There is no   in font nwpulogo!
Requested font "nwpulogo/ICU" at 16.0pt
 -> C:/WINDOWS/Fonts/nwpulogo_0.ttf
Missing character: There is no   in font nwpulogo/ICU!
.................................................
. fontspec info: "no-scripts"
. 
. Font nwpulogo does not contain any OpenType `Script' information.
.................................................
.................................................
. fontspec info: "defining-font"
. 
. Font family 'nwpulogo(0)' created for font 'nwpulogo' with options [].
. 
. This font family consists of the following shapes:
.................................................
Requested font "nwpulogo/ICU:" at 16.0pt
 -> C:/WINDOWS/Fonts/nwpulogo_0.ttf
Requested font "nwpulogo/ICU:" at 16.0pt
 -> C:/WINDOWS/Fonts/nwpulogo_0.ttf
Requested font "TeX Gyre Termes/B/ICU:script=latn;language=DFLT;" at 16.0pt
 -> C:/CTEX/MiKTeX/fonts/opentype/public/tex-gyre/texgyretermes-bold.otf
Requested font "SimSun" at 16.0pt
 -> C:/WINDOWS/Fonts/simsun.ttc
Requested font "SimSun/ICU" at 16.0pt
 -> C:/WINDOWS/Fonts/simsun.ttc
.................................................
. fontspec info: "defining-font"
. 
. Font family 'SimSun(0)' created for font 'SimSun' with options [].
. 
. This font family consists of the following shapes:
.................................................
Requested font "SimSun/ICU:script=latn;language=DFLT;" at 16.0pt
 -> C:/WINDOWS/Fonts/simsun.ttc
Requested font "TeX Gyre Termes/ICU:script=latn;language=DFLT;" at 10.5pt
 -> C:/CTEX/MiKTeX/fonts/opentype/public/tex-gyre/texgyretermes-regular.otf
 [1



]
(C:\Users\hasee007\Desktop\毕设\last-dinner\nwputhesis-full\Bachelor\preface/
e_abstract.tex
Requested font "Times New Roman" at 12.0pt
 -> C:/WINDOWS/Fonts/times.ttf
Requested font "Times New Roman/ICU" at 12.0pt
 -> C:/WINDOWS/Fonts/times.ttf
\g_fontspec_family_Times New Roman_int=\count383
Requested font "Times New Roman/B/ICU" at 12.0pt
 -> C:/WINDOWS/Fonts/timesbd.ttf
Requested font "Times New Roman/B/B/ICU" at 12.0pt
 -> C:/WINDOWS/Fonts/timesbd.ttf
Requested font "Times New Roman/I/ICU" at 12.0pt
 -> C:/WINDOWS/Fonts/timesi.ttf
Requested font "Times New Roman/I/I/ICU" at 12.0pt
 -> C:/WINDOWS/Fonts/timesi.ttf
Requested font "Times New Roman/BI/ICU" at 12.0pt
 -> C:/WINDOWS/Fonts/timesbi.ttf
Requested font "Times New Roman/BI/BI/ICU" at 12.0pt
 -> C:/WINDOWS/Fonts/timesbi.ttf
.................................................
. fontspec info: "defining-font"
. 
. Font family 'TimesNewRoman(0)' created for font 'Times New Roman' with
. options [].
. 
. This font family consists of the following shapes:
. 
. * 'normal' with NFSS spec.:
. <->"Times New Roman/ICU:script=latn;language=DFLT;"
. 
. * 'small caps' with NFSS spec.:
. <->"Times New Roman/ICU:script=latn;language=DFLT;+smcp;"
. 
. * 'bold' with NFSS spec.:
. <->"Times New Roman/B/ICU:script=latn;language=DFLT;"
. 
. * 'bold small caps' with NFSS spec.:
. <->"Times New Roman/B/ICU:script=latn;language=DFLT;+smcp;"
. 
. * 'italic' with NFSS spec.:
. <->"Times New Roman/I/ICU:script=latn;language=DFLT;"
. 
. * 'italic small caps' with NFSS spec.:
. <->"Times New Roman/I/ICU:script=latn;language=DFLT;+smcp;"
. 
. * 'bold italic' with NFSS spec.:
. <->"Times New Roman/BI/ICU:script=latn;language=DFLT;"
. 
. * 'bold italic small caps' with NFSS spec.:
. <->"Times New Roman/BI/ICU:script=latn;language=DFLT;+smcp;"
.................................................
Requested font "Times New Roman/ICU:script=latn;language=DFLT;" at 12.0pt
 -> C:/WINDOWS/Fonts/times.ttf
Requested font "Times New Roman/ICU:script=latn;language=DFLT;" at 16.0pt
 -> C:/WINDOWS/Fonts/times.ttf
Requested font "Times New Roman/B/ICU:script=latn;language=DFLT;" at 16.0pt
 -> C:/WINDOWS/Fonts/timesbd.ttf
Requested font "Times New Roman/B/ICU:script=latn;language=DFLT;" at 12.0pt
 -> C:/WINDOWS/Fonts/timesbd.ttf
)
Requested font "Times New Roman/ICU:script=latn;language=DFLT;" at 10.5pt
 -> C:/WINDOWS/Fonts/times.ttf
 [2



]
(C:\Users\hasee007\Desktop\毕设\last-dinner\nwputhesis-full\Bachelor\main.toc
.................................................
. fontspec info: "defining-font"
. 
. Font family 'SimSun(0)' created for font 'SimSun' with options [].
. 
. This font family consists of the following shapes:
.................................................
[3


]
.................................................
. fontspec info: "defining-font"
. 
. Font family 'SimSun(0)' created for font 'SimSun' with options [].
. 
. This font family consists of the following shapes:
.................................................
)
\tf@toc=\write5
 [4]
Requested font "Times New Roman/ICU:script=latn;language=DFLT;" at 12.5pt
 -> C:/WINDOWS/Fonts/times.ttf

(C:\Users\hasee007\Desktop\毕设\last-dinner\nwputhesis-full\Bachelor\body/pre
face.tex
第一章

Package hyperref Warning: Token not allowed in a PDF string (Unicode):
(hyperref)                removing `\CJKnumber' on input line 1.

Requested font "TeX Gyre Heros/ICU:script=latn;language=DFLT;" at 12.5pt
 -> C:/CTEX/MiKTeX/fonts/opentype/public/tex-gyre/texgyreheros-regular.otf
Requested font "TeX Gyre Heros/ICU:script=latn;language=DFLT;" at 14.0pt
 -> C:/CTEX/MiKTeX/fonts/opentype/public/tex-gyre/texgyreheros-regular.otf
Requested font "SimHei" at 14.0pt
 -> C:/WINDOWS/Fonts/simhei.ttf
Requested font "SimHei/ICU" at 14.0pt
 -> C:/WINDOWS/Fonts/simhei.ttf
.................................................
. fontspec info: "defining-font"
. 
. Font family 'SimHei(0)' created for font 'SimHei' with options [].
. 
. This font family consists of the following shapes:
.................................................
Requested font "SimHei/ICU:script=latn;language=DFLT;" at 14.0pt
 -> C:/WINDOWS/Fonts/simhei.ttf
Requested font "SimSun" at 12.5pt
 -> C:/WINDOWS/Fonts/simsun.ttc
Requested font "SimSun/ICU" at 12.5pt
 -> C:/WINDOWS/Fonts/simsun.ttc
.................................................
. fontspec info: "defining-font"
. 
. Font family 'SimSun(0)' created for font 'SimSun' with options [].
. 
. This font family consists of the following shapes:
.................................................
Requested font "SimSun/ICU:script=latn;language=DFLT;" at 12.5pt
 -> C:/WINDOWS/Fonts/simsun.ttc
Requested font "TeX Gyre Heros/ICU:script=latn;language=DFLT;" at 13.0pt
 -> C:/CTEX/MiKTeX/fonts/opentype/public/tex-gyre/texgyreheros-regular.otf
Requested font "SimHei" at 13.0pt
 -> C:/WINDOWS/Fonts/simhei.ttf
Requested font "SimHei/ICU" at 13.0pt
 -> C:/WINDOWS/Fonts/simhei.ttf
.................................................
. fontspec info: "defining-font"
. 
. Font family 'SimHei(0)' created for font 'SimHei' with options [].
. 
. This font family consists of the following shapes:
.................................................
Requested font "SimHei/ICU:script=latn;language=DFLT;" at 13.0pt
 -> C:/WINDOWS/Fonts/simhei.ttf
[1



] [2] [3]) [4]
(C:\Users\hasee007\Desktop\毕设\last-dinner\nwputhesis-full\Bachelor\body/int
roduction.tex
第二章

Package hyperref Warning: Token not allowed in a PDF string (Unicode):
(hyperref)                removing `\CJKnumber' on input line 1.

File: figures/field.png Graphic file (type QTm)
<use  "figures/field.png" >
File: figures/robot.png Graphic file (type QTm)
 <use  "figures/robot.png" > [5



] [6]
File: figures/dataflow.png Graphic file (type QTm)

<use  "figures/dataflow.png" >
File: figures/function.png Graphic file (type QTm)
 <use  "figures/function.png" >
File: figures/topic.png Graphic file (type QTm)

<use  "figures/topic.png" >
File: figures/decision.png Graphic file (type QTm)
 <use  "figures/decision.png" > [7]
File: figures/agentenv.png Graphic file (type QTm)

<use  "figures/agentenv.png" >
LaTeX Font Info:    Calculating math sizes for size <12.5> on input line 79.
Requested font "[lmroman12-regular]:mapping=tex-text" at 12.5pt
 -> C:/CTEX/MiKTeX/fonts/opentype/public/lm/lmroman12-regular.otf
Requested font "[lmroman9-regular]:mapping=tex-text" at 8.74995pt
 -> C:/CTEX/MiKTeX/fonts/opentype/public/lm/lmroman9-regular.otf
Requested font "[lmroman6-regular]:mapping=tex-text" at 6.25pt
 -> C:/CTEX/MiKTeX/fonts/opentype/public/lm/lmroman6-regular.otf
Requested font "cmmi12" at 12.5pt
 -> cmmi12
Requested font "cmmi8" at 8.74995pt
 -> cmmi8
Requested font "cmmi6" at 6.25pt
 -> cmmi6
Requested font "cmsy10" at 12.5pt
 -> cmsy10
Requested font "cmsy8" at 8.74995pt
 -> cmsy8
Requested font "cmsy6" at 6.25pt
 -> cmsy6
Requested font "cmex10" at 12.5pt
 -> cmex10
Requested font "cmex10" at 8.74995pt
 -> cmex10
Requested font "cmex10" at 6.25pt
 -> cmex10
Requested font "msam10" at 12.5pt
 -> msam10
Requested font "msam7" at 8.74995pt
 -> msam7
Requested font "msam5" at 6.25pt
 -> msam5
Requested font "msbm10" at 12.5pt
 -> msbm10
Requested font "msbm7" at 8.74995pt
 -> msbm7
Requested font "msbm5" at 6.25pt
 -> msbm5


LaTeX Font Warning: Font shape `U/rsfs/m/n' in size <12.5> not available
(Font)              size <12> substituted on input line 79.

Requested font "rsfs10" at 9.0pt
 -> rsfs10
Requested font "cmbx12" at 12.5pt
 -> cmbx12
Requested font "cmbx8" at 8.74995pt
 -> cmbx8
Requested font "cmbx6" at 6.25pt
 -> cmbx6
Requested font "cmmib10" at 12.5pt
 -> cmmib10
Requested font "cmmib7" at 8.74995pt
 -> cmmib7
Requested font "cmmib5" at 6.25pt
 -> cmmib5
Requested font "cmbsy10" at 12.5pt
 -> cmbsy10
Requested font "cmbsy7" at 8.74995pt
 -> cmbsy7
Requested font "cmbsy5" at 6.25pt
 -> cmbsy5
Requested font "cmr12" at 12.5pt
 -> cmr12
Requested font "cmr8" at 8.74995pt
 -> cmr8
Requested font "cmr6" at 6.25pt
 -> cmr6
Requested font "Times New Roman/ICU:script=latn;language=DFLT;" at 8.74995pt
 -> C:/WINDOWS/Fonts/times.ttf
Requested font "Times New Roman/ICU:script=latn;language=DFLT;" at 6.25pt
 -> C:/WINDOWS/Fonts/times.ttf
[8] [9]
File: figures/state.png Graphic file (type QTm)
 <use  "figures/state.png" >
File: figures/activity.png Graphic file (type QTm)
 <use  "figures/activity.png" >

LaTeX Warning: `h' float specifier changed to `ht'.

) [10] [11]
(C:\Users\hasee007\Desktop\毕设\last-dinner\nwputhesis-full\Bachelor\body/rl.
tex
第三章

Package hyperref Warning: Token not allowed in a PDF string (Unicode):
(hyperref)                removing `\CJKnumber' on input line 1.

File: figures/stateaction.png Graphic file (type QTm)
<use  "figures/stateaction.png" > [12



]
File: figures/mdp.png Graphic file (type QTm)
 <use  "figures/mdp.png" > [13]

Package amsfonts Warning: Obsolete command \Bbb; \mathbb should be used instead
 on input line 46.


LaTeX Warning: Command \o invalid in math mode on input line 51.

Missing character: There is no ø in font cmmi12!
[14] [15]
Requested font "Times New Roman/B/ICU:script=latn;language=DFLT;" at 12.5pt
 -> C:/WINDOWS/Fonts/timesbd.ttf
.................................................
. fontspec info: "defining-font"
. 
. Font family 'SimSun(0)' created for font 'SimSun' with options [].
. 
. This font family consists of the following shapes:
.................................................
 [16]
File: figures/ac.png Graphic file (type QTm)
 <use  "figures/ac.png" > [17] [18]
File: figures/DQN.png Graphic file (type QTm)
 <use  "figures/DQN.png" >
Package hyperref Info: bookmark level for unknown algorithm defaults to 0 on in
put line 160.
Requested font "Times New Roman/ICU:script=latn;language=DFLT;" at 10.0pt
 -> C:/WINDOWS/Fonts/times.ttf
Requested font "Times New Roman/ICU:script=latn;language=DFLT;" at 8.0pt
 -> C:/WINDOWS/Fonts/times.ttf
Requested font "Times New Roman/ICU:script=latn;language=DFLT;" at 6.0pt
 -> C:/WINDOWS/Fonts/times.ttf
Requested font "[lmroman5-regular]:mapping=tex-text" at 5.0pt
 -> C:/CTEX/MiKTeX/fonts/opentype/public/lm/lmroman5-regular.otf
Requested font "cmex10" at 5.0pt
 -> cmex10
Requested font "msam5" at 5.0pt
 -> msam5
Requested font "msbm5" at 5.0pt
 -> msbm5
Requested font "rsfs5" at 5.0pt
 -> rsfs5
Requested font "cmbx5" at 5.0pt
 -> cmbx5
Requested font "cmmib5" at 5.0pt
 -> cmmib5
Requested font "cmbsy5" at 5.0pt
 -> cmbsy5
Requested font "SimSun" at 8.0pt
 -> C:/WINDOWS/Fonts/simsun.ttc
Requested font "SimSun/ICU" at 8.0pt
 -> C:/WINDOWS/Fonts/simsun.ttc
.................................................
. fontspec info: "defining-font"
. 
. Font family 'SimSun(0)' created for font 'SimSun' with options [].
. 
. This font family consists of the following shapes:
.................................................
Requested font "SimSun/ICU:script=latn;language=DFLT;" at 8.0pt
 -> C:/WINDOWS/Fonts/simsun.ttc
Requested font "SimSun" at 6.0pt
 -> C:/WINDOWS/Fonts/simsun.ttc
Requested font "SimSun/ICU" at 6.0pt
 -> C:/WINDOWS/Fonts/simsun.ttc
.................................................
. fontspec info: "defining-font"
. 
. Font family 'SimSun(0)' created for font 'SimSun' with options [].
. 
. This font family consists of the following shapes:
.................................................
Requested font "SimSun/ICU:script=latn;language=DFLT;" at 6.0pt
 -> C:/WINDOWS/Fonts/simsun.ttc

[19] [20]
File: figures/ddpg.png Graphic file (type QTm)
 <use  "figures/ddpg.png" >
Underfull \hbox (badness 10000) in paragraph at lines 232--233
[] \xeCJK@rm/bx/n/12 使 用 策 略 梯 度 以 更 新 演 员：| $\OMS/cmsy
/m/n/12 r[]\OML/cmm/m/it/12 J \OMS/cmsy/m/n/12 ^^Y
 []

[21] [22]
Underfull \hbox (badness 10000) in paragraph at lines 269--270
[] \xeCJK@rm/bx/n/12 使 用 策 略 梯 度 以 更 新 演 员：| $\OMS/cmsy
/m/n/12 r[]\OML/cmm/m/it/12 J \OMS/cmsy/m/n/12 ^^Y
 []

) [23]
(C:\Users\hasee007\Desktop\毕设\last-dinner\nwputhesis-full\Bachelor\body/exp
eriment.tex
第四章

Package hyperref Warning: Token not allowed in a PDF string (Unicode):
(hyperref)                removing `\CJKnumber' on input line 1.

File: figures/rviz.jpg Graphic file (type QTm)
<use  "figures/rviz.jpg" >
File: figures/gazebo.png Graphic file (type QTm)
 <use  "figures/gazebo.png" > [24



]

LaTeX Warning: Reference `safty' on page 25 undefined on input line 34.

File: figures/robot.jpg Graphic file (type QTm)
<use  "figures/robot.jpg" > [25]
Requested font "SimSun" at 8.74995pt
 -> C:/WINDOWS/Fonts/simsun.ttc
Requested font "SimSun/ICU" at 8.74995pt
 -> C:/WINDOWS/Fonts/simsun.ttc
.................................................
. fontspec info: "defining-font"
. 
. Font family 'SimSun(0)' created for font 'SimSun' with options [].
. 
. This font family consists of the following shapes:
.................................................
Requested font "SimSun/ICU:script=latn;language=DFLT;" at 8.74995pt
 -> C:/WINDOWS/Fonts/simsun.ttc
Requested font "SimSun" at 6.25pt
 -> C:/WINDOWS/Fonts/simsun.ttc
Requested font "SimSun/ICU" at 6.25pt
 -> C:/WINDOWS/Fonts/simsun.ttc
.................................................
. fontspec info: "defining-font"
. 
. Font family 'SimSun(0)' created for font 'SimSun' with options [].
. 
. This font family consists of the following shapes:
.................................................
Requested font "SimSun/ICU:script=latn;language=DFLT;" at 6.25pt
 -> C:/WINDOWS/Fonts/simsun.ttc
 [26]
File: figures/classchart.png Graphic file (type QTm)
 <use  "figures/classchart.png" >
File: figures/flowchart.png Graphic file (type QTm)

<use  "figures/flowchart.png" >
File: figures/dqnnet.png Graphic file (type QTm)
 <use  "figures/dqnnet.png" > [27]
File: figures/ddpgnet.png Graphic file (type QTm)

<use  "figures/ddpgnet.png" > [28]
File: figures/rviz1.jpg Graphic file (type QTm)
 <use  "figures/rviz1.jpg" >
File: figures/rviz2.jpg Graphic file (type QTm)

<use  "figures/rviz2.jpg" >
File: figures/rviz3.jpg Graphic file (type QTm)
 <use  "figures/rviz3.jpg" >
File: figures/rviz4.jpg Graphic file (type QTm)

<use  "figures/rviz4.jpg" > [29]
File: figures/accumulatedreward.png Graphic file (type QTm)
 <use  "figures/accumulatedreward.png" >
Requested font "SimSun" at 10.0pt
 -> C:/WINDOWS/Fonts/simsun.ttc
Requested font "SimSun/ICU" at 10.0pt
 -> C:/WINDOWS/Fonts/simsun.ttc
.................................................
. fontspec info: "defining-font"
. 
. Font family 'SimSun(0)' created for font 'SimSun' with options [].
. 
. This font family consists of the following shapes:
.................................................
Requested font "SimSun/ICU:script=latn;language=DFLT;" at 10.0pt
 -> C:/WINDOWS/Fonts/simsun.ttc
File: figures/averagereward.png Graphic file (type QTm)

<use  "figures/averagereward.png" >
File: figures/result.png Graphic file (type QTm)
 <use  "figures/result.png" >) [30] [31]
(C:\Users\hasee007\Desktop\毕设\last-dinner\nwputhesis-full\Bachelor\body/con
clusion.tex
第五章

Package hyperref Warning: Token not allowed in a PDF string (Unicode):
(hyperref)                removing `\CJKnumber' on input line 16.

Requested font "TeX Gyre Heros/ICU:script=latn;language=DFLT;" at 12.0pt
 -> C:/CTEX/MiKTeX/fonts/opentype/public/tex-gyre/texgyreheros-regular.otf
) [32



]
Requested font "SimSun" at 10.5pt
 -> C:/WINDOWS/Fonts/simsun.ttc
Requested font "SimSun/ICU" at 10.5pt
 -> C:/WINDOWS/Fonts/simsun.ttc
.................................................
. fontspec info: "defining-font"
. 
. Font family 'SimSun(0)' created for font 'SimSun' with options [].
. 
. This font family consists of the following shapes:
.................................................
Requested font "SimSun/ICU:script=latn;language=DFLT;" at 10.5pt
 -> C:/WINDOWS/Fonts/simsun.ttc
LaTeX Font Info:    Calculating math sizes for size <10.5> on input line 180.
Requested font "[lmroman10-regular]:mapping=tex-text" at 10.5pt
 -> C:/CTEX/MiKTeX/fonts/opentype/public/lm/lmroman10-regular.otf
Requested font "[lmroman7-regular]:mapping=tex-text" at 7.34996pt
 -> C:/CTEX/MiKTeX/fonts/opentype/public/lm/lmroman7-regular.otf
Requested font "[lmroman5-regular]:mapping=tex-text" at 5.25pt
 -> C:/CTEX/MiKTeX/fonts/opentype/public/lm/lmroman5-regular.otf
Requested font "cmmi10" at 10.5pt
 -> cmmi10
Requested font "cmmi7" at 7.34996pt
 -> cmmi7
Requested font "cmmi5" at 5.25pt
 -> cmmi5
Requested font "cmsy10" at 10.5pt
 -> cmsy10
Requested font "cmsy7" at 7.34996pt
 -> cmsy7
Requested font "cmsy5" at 5.25pt
 -> cmsy5
Requested font "cmex10" at 10.5pt
 -> cmex10
Requested font "cmex10" at 7.34996pt
 -> cmex10
Requested font "cmex10" at 5.25pt
 -> cmex10
Requested font "msam10" at 10.5pt
 -> msam10
Requested font "msam7" at 7.34996pt
 -> msam7
Requested font "msam5" at 5.25pt
 -> msam5
Requested font "msbm10" at 10.5pt
 -> msbm10
Requested font "msbm7" at 7.34996pt
 -> msbm7
Requested font "msbm5" at 5.25pt
 -> msbm5


LaTeX Font Warning: Font shape `U/rsfs/m/n' in size <10.5> not available
(Font)              size <10.95> substituted on input line 180.

Requested font "cmbx10" at 10.5pt
 -> cmbx10
Requested font "cmbx7" at 7.34996pt
 -> cmbx7
Requested font "cmbx5" at 5.25pt
 -> cmbx5
Requested font "cmmib10" at 10.5pt
 -> cmmib10
Requested font "cmmib7" at 7.34996pt
 -> cmmib7
Requested font "cmmib5" at 5.25pt
 -> cmmib5
Requested font "cmbsy10" at 10.5pt
 -> cmbsy10
Requested font "cmbsy7" at 7.34996pt
 -> cmbsy7
Requested font "cmbsy5" at 5.25pt
 -> cmbsy5
Requested font "cmr10" at 10.5pt
 -> cmr10
Requested font "cmr7" at 7.34996pt
 -> cmr7
Requested font "cmr5" at 5.25pt
 -> cmr5
[33



]
Underfull \hbox (badness 7832) in paragraph at lines 206--207
[]\EU1/TimesNewRoman(0)/m/n/10.5 Van Hasselt H, Guez A, Silver D. Deep reinforc
ement learning with double q-
 []

[34]
(C:\Users\hasee007\Desktop\毕设\last-dinner\nwputhesis-full\Bachelor\appendix
/acknowledgements.tex

Package hyperref Warning: Token not allowed in a PDF string (Unicode):
(hyperref)                removing `\<def>-command' on input line 26.


Package hyperref Warning: Token not allowed in a PDF string (Unicode):
(hyperref)                removing `\xeCJK@family' on input line 26.

) [35


]
(C:\Users\hasee007\Desktop\毕设\last-dinner\nwputhesis-full\Bachelor\appendix
/design-conclusion.tex

Package hyperref Warning: Token not allowed in a PDF string (Unicode):
(hyperref)                removing `\<def>-command' on input line 3.


Package hyperref Warning: Token not allowed in a PDF string (Unicode):
(hyperref)                removing `\xeCJK@family' on input line 3.

) [36



]
\tf@thm=\write6
Package atveryend Info: Empty hook `BeforeClearDocument' on input line 228.
Package atveryend Info: Empty hook `AfterLastShipout' on input line 228.

(C:\Users\hasee007\Desktop\毕设\last-dinner\nwputhesis-full\Bachelor\main.aux

(C:\Users\hasee007\Desktop\毕设\last-dinner\nwputhesis-full\Bachelor\preface/
cover.aux)
(C:\Users\hasee007\Desktop\毕设\last-dinner\nwputhesis-full\Bachelor\preface/
c_abstract.aux)
(C:\Users\hasee007\Desktop\毕设\last-dinner\nwputhesis-full\Bachelor\preface/
e_abstract.aux)
(C:\Users\hasee007\Desktop\毕设\last-dinner\nwputhesis-full\Bachelor\body/pre
face.aux)
(C:\Users\hasee007\Desktop\毕设\last-dinner\nwputhesis-full\Bachelor\body/int
roduction.aux)
(C:\Users\hasee007\Desktop\毕设\last-dinner\nwputhesis-full\Bachelor\body/rl.
aux)
(C:\Users\hasee007\Desktop\毕设\last-dinner\nwputhesis-full\Bachelor\body/exp
eriment.aux)
(C:\Users\hasee007\Desktop\毕设\last-dinner\nwputhesis-full\Bachelor\body/con
clusion.aux)
(C:\Users\hasee007\Desktop\毕设\last-dinner\nwputhesis-full\Bachelor\appendix
/acknowledgements.aux)
(C:\Users\hasee007\Desktop\毕设\last-dinner\nwputhesis-full\Bachelor\appendix
/design-conclusion.aux))
Package atveryend Info: Empty hook `AtVeryEndDocument' on input line 228.
Package atveryend Info: Empty hook `AtEndAfterFileList' on input line 228.


LaTeX Font Warning: Size substitutions with differences
(Font)              up to 1.28pt have occurred.


LaTeX Font Warning: Some font shapes were not available, defaults substituted.


LaTeX Warning: There were undefined references.

 )
(\end occurred inside a group at level 1)

### simple group (level 1) entered at line 144 ({)
### bottom level 
Here is how much of TeX's memory you used:
 33044 strings out of 430478
 619670 string characters out of 3191502
 696224 words of memory out of 3000000
 35425 multiletter control sequences out of 15000+200000
 41467 words of font info for 274 fonts, out of 3000000 for 9000
 14 hyphenation exceptions out of 8191
 58i,15n,72p,683b,879s stack positions out of 5000i,500n,10000p,200000b,50000s

Output written on main.pdf (41 pages).
