\BOOKMARK [0][]{chapter.1}{\376\377\000\040\173\054\0001\172\340\000\040\176\352\213\272}{}% 1
\BOOKMARK [1][]{section.1.1}{\376\377\0001\000.\0001\000\040\170\024\172\166\200\314\146\157}{chapter.1}% 2
\BOOKMARK [2][]{subsection.1.1.1}{\376\377\0001\000.\0001\000.\0001\000\040\217\156\137\017\147\072\126\150\116\272\121\263\173\126\174\373\176\337\170\024\172\166\163\260\162\266}{section.1.1}% 3
\BOOKMARK [2][]{subsection.1.1.2}{\376\377\0001\000.\0001\000.\0002\000\040\137\072\123\026\133\146\116\140\170\024\172\166\163\260\162\266}{section.1.1}% 4
\BOOKMARK [1][]{section.1.2}{\376\377\0001\000.\0002\000\040\170\024\172\166\121\205\133\271}{chapter.1}% 5
\BOOKMARK [1][]{section.1.3}{\376\377\0001\000.\0003\000\040\172\340\202\202\133\211\143\222}{chapter.1}% 6
\BOOKMARK [0][]{chapter.2}{\376\377\000\040\173\054\0002\172\340\000\040\217\156\137\017\147\072\126\150\116\272\121\263\173\126\174\373\176\337}{}% 7
\BOOKMARK [1][]{section.2.1}{\376\377\0002\000.\0001\000\040\225\356\230\230\133\232\116\111}{chapter.2}% 8
\BOOKMARK [1][]{section.2.2}{\376\377\0002\000.\0002\000\040\121\263\173\126\174\373\176\337\147\266\147\204}{chapter.2}% 9
\BOOKMARK [2][]{subsection.2.2.1}{\376\377\0002\000.\0002\000.\0001\000\040\147\266\147\204\151\202\217\360}{section.2.2}% 10
\BOOKMARK [2][]{subsection.2.2.2}{\376\377\0002\000.\0002\000.\0002\000\040\152\041\176\304\220\032\117\341}{section.2.2}% 11
\BOOKMARK [2][]{subsection.2.2.3}{\376\377\0002\000.\0002\000.\0003\000\040\152\041\176\304\122\237\200\375}{section.2.2}% 12
\BOOKMARK [1][]{section.2.3}{\376\377\0002\000.\0003\000\040\121\263\173\126\174\373\176\337\213\276\213\241}{chapter.2}% 13
\BOOKMARK [2][]{subsection.2.3.1}{\376\377\0002\000.\0003\000.\0001\000\040\170\156\133\232\140\047\147\011\226\120\162\266\140\001\147\072}{section.2.3}% 14
\BOOKMARK [0][]{chapter.3}{\376\377\000\040\173\054\0003\172\340\000\040\137\072\123\026\133\146\116\140\173\227\154\325\170\024\172\166\116\016\122\006\147\220}{}% 15
\BOOKMARK [1][]{section.3.1}{\376\377\0003\000.\0001\000\040\137\072\123\026\133\146\116\140\127\372\147\054\123\237\164\006}{chapter.3}% 16
\BOOKMARK [2][]{subsection.3.1.1}{\376\377\0003\000.\0001\000.\0001\000\040\232\154\134\024\123\357\131\053\121\263\173\126\217\307\172\013}{section.3.1}% 17
\BOOKMARK [1][]{section.3.2}{\376\377\0003\000.\0002\000\040\137\072\123\026\133\146\116\140\173\227\154\325}{chapter.3}% 18
\BOOKMARK [2][]{subsection.3.2.1}{\376\377\0003\000.\0002\000.\0001\000\040\120\074\121\375\145\160}{section.3.2}% 19
\BOOKMARK [2][]{subsection.3.2.2}{\376\377\0003\000.\0002\000.\0002\000\040\173\126\165\145\144\034\175\042}{section.3.2}% 20
\BOOKMARK [2][]{subsection.3.2.3}{\376\377\0003\000.\0002\000.\0003\000\040\155\361\136\246\137\072\123\026\133\146\116\140}{section.3.2}% 21
\BOOKMARK [1][]{section.3.3}{\376\377\0003\000.\0003\000\040\155\361\136\246\137\072\123\026\133\146\116\140\173\227\154\325}{chapter.3}% 22
\BOOKMARK [2][]{subsection.3.3.1}{\376\377\0003\000.\0003\000.\0001\000\040\000D\000e\000e\000p\000\040\000Q\000-\000l\000e\000a\000r\000n\000i\000n\000g}{section.3.3}% 23
\BOOKMARK [2][]{subsection.3.3.2}{\376\377\0003\000.\0003\000.\0002\000\040\000D\000e\000e\000p\000\040\000D\000e\000t\000e\000r\000m\000i\000n\000i\000s\000t\000i\000c\000\040\000P\000o\000l\000i\000c\000y\000\040\000G\000r\000a\000d\000i\000e\000n\000t}{section.3.3}% 24
\BOOKMARK [2][]{subsection.3.3.3}{\376\377\0003\000.\0003\000.\0003\000\040\131\032\146\172\200\375\117\123\137\002\153\145\000D\000D\000P\000G}{section.3.3}% 25
\BOOKMARK [0][]{chapter.4}{\376\377\000\040\173\054\0004\172\340\000\040\133\236\232\214\145\160\143\156\221\307\226\306\116\016\122\006\147\220}{}% 26
\BOOKMARK [1][]{section.4.1}{\376\377\0004\000.\0001\000\040\116\377\167\037\136\163\123\360}{chapter.4}% 27
\BOOKMARK [2][]{subsection.4.1.1}{\376\377\0004\000.\0001\000.\0001\000\040\000R\000O\000S\173\200\116\313}{section.4.1}% 28
\BOOKMARK [2][]{subsection.4.1.2}{\376\377\0004\000.\0001\000.\0002\000\040\000R\000V\000I\000Z\116\016\000G\000a\000z\000e\000b\000o}{section.4.1}% 29
\BOOKMARK [1][]{section.4.2}{\376\377\0004\000.\0002\000\040\167\037\133\236\163\257\130\203}{chapter.4}% 30
\BOOKMARK [1][]{section.4.3}{\376\377\0004\000.\0003\000\040\131\126\122\261\121\375\145\160\133\232\116\111}{chapter.4}% 31
\BOOKMARK [1][]{section.4.4}{\376\377\0004\000.\0004\000\040\116\343\170\001\213\276\213\241}{chapter.4}% 32
\BOOKMARK [2][]{subsection.4.4.1}{\376\377\0004\000.\0004\000.\0001\000\040\000D\000e\000e\000p\000\040\000Q\000-\000l\000e\000a\000r\000n\000i\000n\000g}{section.4.4}% 33
\BOOKMARK [2][]{subsection.4.4.2}{\376\377\0004\000.\0004\000.\0002\000\040\000D\000e\000e\000p\000\040\000D\000e\000t\000e\000r\000m\000i\000n\000i\000s\000t\000i\000c\000\040\000P\000o\000l\000i\000c\000y\000\040\000G\000r\000a\000d\000i\000e\000n\000t}{section.4.4}% 34
\BOOKMARK [2][]{subsection.4.4.3}{\376\377\0004\000.\0004\000.\0003\000\040\131\032\146\172\200\375\117\123\137\002\153\145\000D\000D\000P\000G}{section.4.4}% 35
\BOOKMARK [1][]{section.4.5}{\376\377\0004\000.\0005\000\040\133\236\232\214\176\323\147\234}{chapter.4}% 36
\BOOKMARK [2][]{subsection.4.5.1}{\376\377\0004\000.\0005\000.\0001\000\040\116\377\167\037\133\236\232\214\176\323\147\234}{section.4.5}% 37
\BOOKMARK [2][]{subsection.4.5.2}{\376\377\0004\000.\0005\000.\0002\000\040\167\037\133\236\163\257\130\203\116\013\133\371\142\227\176\323\147\234}{section.4.5}% 38
\BOOKMARK [0][]{chapter.5}{\376\377\000\040\173\054\0005\172\340\000\040\121\150\145\207\140\073\176\323}{}% 39
\BOOKMARK [1][]{section.5.1}{\376\377\0005\000.\0001\000\040\121\150\145\207\140\073\176\323}{chapter.5}% 40
\BOOKMARK [1][]{section.5.2}{\376\377\0005\000.\0002\000\040\133\371\147\052\147\145\135\345\117\134\166\204\134\125\147\033}{chapter.5}% 41
\BOOKMARK [0][]{section*.4}{\376\377\123\302\200\003\145\207\163\056}{}% 42
\BOOKMARK [0][]{chapter*.6}{\376\377\201\364\214\042}{}% 43
\BOOKMARK [0][]{chapter*.7}{\376\377\153\325\116\032\213\276\213\241\134\017\176\323}{}% 44
